CRITICAL - 2023-06-26 19:58:56 --> Call to undefined method App\Models\Payment::add()
in APPPATH\Controllers\Cost.php on line 15.
 1 SYSTEMPATH\CodeIgniter.php(932): App\Controllers\Cost->paymentTypeSend()
 2 SYSTEMPATH\CodeIgniter.php(497): CodeIgniter\CodeIgniter->runController(Object(App\Controllers\Cost))
 3 SYSTEMPATH\CodeIgniter.php(366): CodeIgniter\CodeIgniter->handleRequest(null, Object(Config\Cache), false)
 4 FCPATH\index.php(67): CodeIgniter\CodeIgniter->run()
 5 SYSTEMPATH\Commands\Server\rewrite.php(47): require_once('C:\\laragon\\www\\Cost_management\\public\\index.php')
CRITICAL - 2023-06-26 20:00:04 --> Call to undefined method App\Models\Payment::add()
in APPPATH\Controllers\Cost.php on line 18.
 1 SYSTEMPATH\CodeIgniter.php(932): App\Controllers\Cost->paymentTypeSend()
 2 SYSTEMPATH\CodeIgniter.php(497): CodeIgniter\CodeIgniter->runController(Object(App\Controllers\Cost))
 3 SYSTEMPATH\CodeIgniter.php(366): CodeIgniter\CodeIgniter->handleRequest(null, Object(Config\Cache), false)
 4 FCPATH\index.php(67): CodeIgniter\CodeIgniter->run()
 5 SYSTEMPATH\Commands\Server\rewrite.php(47): require_once('C:\\laragon\\www\\Cost_management\\public\\index.php')
CRITICAL - 2023-06-26 20:00:49 --> Call to undefined method App\Models\Payment::add
in SYSTEMPATH\Model.php on line 838.
 1 APPPATH\Controllers\Cost.php(19): CodeIgniter\Model->__call('add', [...])
 2 SYSTEMPATH\CodeIgniter.php(932): App\Controllers\Cost->paymentTypeSend()
 3 SYSTEMPATH\CodeIgniter.php(497): CodeIgniter\CodeIgniter->runController(Object(App\Controllers\Cost))
 4 SYSTEMPATH\CodeIgniter.php(366): CodeIgniter\CodeIgniter->handleRequest(null, Object(Config\Cache), false)
 5 FCPATH\index.php(67): CodeIgniter\CodeIgniter->run()
 6 SYSTEMPATH\Commands\Server\rewrite.php(47): require_once('C:\\laragon\\www\\Cost_management\\public\\index.php')
CRITICAL - 2023-06-26 20:02:27 --> Allowed fields must be specified for model: "App\Models\Payment"
in SYSTEMPATH\BaseModel.php on line 1242.
 1 SYSTEMPATH\BaseModel.php(1242): CodeIgniter\Database\Exceptions\DataException::forInvalidAllowedFields('App\\Models\\Payment')
 2 SYSTEMPATH\BaseModel.php(757): CodeIgniter\BaseModel->doProtectFields([...])
 3 SYSTEMPATH\Model.php(730): CodeIgniter\BaseModel->insert([...], true)
 4 APPPATH\Controllers\Cost.php(19): CodeIgniter\Model->insert([...])
 5 SYSTEMPATH\CodeIgniter.php(932): App\Controllers\Cost->paymentTypeSend()
 6 SYSTEMPATH\CodeIgniter.php(497): CodeIgniter\CodeIgniter->runController(Object(App\Controllers\Cost))
 7 SYSTEMPATH\CodeIgniter.php(366): CodeIgniter\CodeIgniter->handleRequest(null, Object(Config\Cache), false)
 8 FCPATH\index.php(67): CodeIgniter\CodeIgniter->run()
 9 SYSTEMPATH\Commands\Server\rewrite.php(47): require_once('C:\\laragon\\www\\Cost_management\\public\\index.php')
CRITICAL - 2023-06-26 20:03:11 --> Non-static method CodeIgniter\Model::insert() cannot be called statically
in APPPATH\Controllers\Cost.php on line 19.
 1 SYSTEMPATH\CodeIgniter.php(932): App\Controllers\Cost->paymentTypeSend()
 2 SYSTEMPATH\CodeIgniter.php(497): CodeIgniter\CodeIgniter->runController(Object(App\Controllers\Cost))
 3 SYSTEMPATH\CodeIgniter.php(366): CodeIgniter\CodeIgniter->handleRequest(null, Object(Config\Cache), false)
 4 FCPATH\index.php(67): CodeIgniter\CodeIgniter->run()
 5 SYSTEMPATH\Commands\Server\rewrite.php(47): require_once('C:\\laragon\\www\\Cost_management\\public\\index.php')
CRITICAL - 2023-06-26 20:06:39 --> Non-static method CodeIgniter\Model::insert() cannot be called statically
in APPPATH\Controllers\Cost.php on line 19.
 1 SYSTEMPATH\CodeIgniter.php(932): App\Controllers\Cost->paymentTypeSend()
 2 SYSTEMPATH\CodeIgniter.php(497): CodeIgniter\CodeIgniter->runController(Object(App\Controllers\Cost))
 3 SYSTEMPATH\CodeIgniter.php(366): CodeIgniter\CodeIgniter->handleRequest(null, Object(Config\Cache), false)
 4 FCPATH\index.php(67): CodeIgniter\CodeIgniter->run()
 5 SYSTEMPATH\Commands\Server\rewrite.php(47): require_once('C:\\laragon\\www\\Cost_management\\public\\index.php')
CRITICAL - 2023-06-26 20:08:12 --> Undefined property: App\Controllers\Cost::$db
in APPPATH\Controllers\Cost.php on line 20.
 1 APPPATH\Controllers\Cost.php(20): CodeIgniter\Debug\Exceptions->errorHandler(2, 'Undefined property: App\\Controllers\\Cost::$db', 'C:\\laragon\\www\\Cost_management\\app\\Controllers\\Cost.php', 20)
 2 SYSTEMPATH\CodeIgniter.php(932): App\Controllers\Cost->paymentTypeSend()
 3 SYSTEMPATH\CodeIgniter.php(497): CodeIgniter\CodeIgniter->runController(Object(App\Controllers\Cost))
 4 SYSTEMPATH\CodeIgniter.php(366): CodeIgniter\CodeIgniter->handleRequest(null, Object(Config\Cache), false)
 5 FCPATH\index.php(67): CodeIgniter\CodeIgniter->run()
 6 SYSTEMPATH\Commands\Server\rewrite.php(47): require_once('C:\\laragon\\www\\Cost_management\\public\\index.php')
CRITICAL - 2023-06-26 20:15:54 --> Undefined property: App\Controllers\Cost::$db
in APPPATH\Controllers\Cost.php on line 20.
 1 APPPATH\Controllers\Cost.php(20): CodeIgniter\Debug\Exceptions->errorHandler(2, 'Undefined property: App\\Controllers\\Cost::$db', 'C:\\laragon\\www\\Cost_management\\app\\Controllers\\Cost.php', 20)
 2 SYSTEMPATH\CodeIgniter.php(932): App\Controllers\Cost->paymentTypeSend()
 3 SYSTEMPATH\CodeIgniter.php(497): CodeIgniter\CodeIgniter->runController(Object(App\Controllers\Cost))
 4 SYSTEMPATH\CodeIgniter.php(366): CodeIgniter\CodeIgniter->handleRequest(null, Object(Config\Cache), false)
 5 FCPATH\index.php(67): CodeIgniter\CodeIgniter->run()
 6 SYSTEMPATH\Commands\Server\rewrite.php(47): require_once('C:\\laragon\\www\\Cost_management\\public\\index.php')
ERROR - 2023-06-26 20:23:56 --> mysqli_sql_exception: Table 'cost.payments' doesn't exist in C:\laragon\www\Cost_management\system\Database\MySQLi\Connection.php:295
Stack trace:
#0 C:\laragon\www\Cost_management\system\Database\MySQLi\Connection.php(295): mysqli->query('INSERT INTO `pa...', 0)
#1 C:\laragon\www\Cost_management\system\Database\BaseConnection.php(692): CodeIgniter\Database\MySQLi\Connection->execute('INSERT INTO `pa...')
#2 C:\laragon\www\Cost_management\system\Database\BaseConnection.php(606): CodeIgniter\Database\BaseConnection->simpleQuery('INSERT INTO `pa...')
#3 C:\laragon\www\Cost_management\system\Database\BaseBuilder.php(2309): CodeIgniter\Database\BaseConnection->query('INSERT INTO `pa...', Array, false)
#4 C:\laragon\www\Cost_management\system\Model.php(330): CodeIgniter\Database\BaseBuilder->insert()
#5 C:\laragon\www\Cost_management\system\BaseModel.php(782): CodeIgniter\Model->doInsert(Array)
#6 C:\laragon\www\Cost_management\system\Model.php(730): CodeIgniter\BaseModel->insert(Array, true)
#7 C:\laragon\www\Cost_management\app\Controllers\Cost.php(19): CodeIgniter\Model->insert(Array)
#8 C:\laragon\www\Cost_management\system\CodeIgniter.php(932): App\Controllers\Cost->paymentTypeSend()
#9 C:\laragon\www\Cost_management\system\CodeIgniter.php(497): CodeIgniter\CodeIgniter->runController(Object(App\Controllers\Cost))
#10 C:\laragon\www\Cost_management\system\CodeIgniter.php(366): CodeIgniter\CodeIgniter->handleRequest(NULL, Object(Config\Cache), false)
#11 C:\laragon\www\Cost_management\public\index.php(67): CodeIgniter\CodeIgniter->run()
#12 C:\laragon\www\Cost_management\system\Commands\Server\rewrite.php(47): require_once('C:\\laragon\\www\\...')
#13 {main}
CRITICAL - 2023-06-26 20:23:56 --> Table 'cost.payments' doesn't exist
in SYSTEMPATH\Database\MySQLi\Connection.php on line 295.
 1 SYSTEMPATH\Database\MySQLi\Connection.php(295): mysqli->query('INSERT INTO `payments` (`payment`) VALUES (\'sa\')', 0)
 2 SYSTEMPATH\Database\BaseConnection.php(692): CodeIgniter\Database\MySQLi\Connection->execute('INSERT INTO `payments` (`payment`) VALUES (\'sa\')')
 3 SYSTEMPATH\Database\BaseConnection.php(606): CodeIgniter\Database\BaseConnection->simpleQuery('INSERT INTO `payments` (`payment`) VALUES (\'sa\')')
 4 SYSTEMPATH\Database\BaseBuilder.php(2309): CodeIgniter\Database\BaseConnection->query('INSERT INTO `payments` (`payment`) VALUES (:payment:)', [...], false)
 5 SYSTEMPATH\Model.php(330): CodeIgniter\Database\BaseBuilder->insert()
 6 SYSTEMPATH\BaseModel.php(782): CodeIgniter\Model->doInsert([...])
 7 SYSTEMPATH\Model.php(730): CodeIgniter\BaseModel->insert([...], true)
 8 APPPATH\Controllers\Cost.php(19): CodeIgniter\Model->insert([...])
 9 SYSTEMPATH\CodeIgniter.php(932): App\Controllers\Cost->paymentTypeSend()
10 SYSTEMPATH\CodeIgniter.php(497): CodeIgniter\CodeIgniter->runController(Object(App\Controllers\Cost))
11 SYSTEMPATH\CodeIgniter.php(366): CodeIgniter\CodeIgniter->handleRequest(null, Object(Config\Cache), false)
12 FCPATH\index.php(67): CodeIgniter\CodeIgniter->run()
13 SYSTEMPATH\Commands\Server\rewrite.php(47): require_once('C:\\laragon\\www\\Cost_management\\public\\index.php')
CRITICAL - 2023-06-26 21:02:49 --> Non-static method CodeIgniter\BaseModel::findAll() cannot be called statically
in APPPATH\Controllers\Cost.php on line 40.
 1 SYSTEMPATH\CodeIgniter.php(932): App\Controllers\Cost->pay()
 2 SYSTEMPATH\CodeIgniter.php(497): CodeIgniter\CodeIgniter->runController(Object(App\Controllers\Cost))
 3 SYSTEMPATH\CodeIgniter.php(366): CodeIgniter\CodeIgniter->handleRequest(null, Object(Config\Cache), false)
 4 FCPATH\index.php(67): CodeIgniter\CodeIgniter->run()
 5 SYSTEMPATH\Commands\Server\rewrite.php(47): require_once('C:\\laragon\\www\\Cost_management\\public\\index.php')
CRITICAL - 2023-06-26 21:05:54 --> Non-static method CodeIgniter\BaseModel::findAll() cannot be called statically
in APPPATH\Controllers\Cost.php on line 40.
 1 SYSTEMPATH\CodeIgniter.php(932): App\Controllers\Cost->pay()
 2 SYSTEMPATH\CodeIgniter.php(497): CodeIgniter\CodeIgniter->runController(Object(App\Controllers\Cost))
 3 SYSTEMPATH\CodeIgniter.php(366): CodeIgniter\CodeIgniter->handleRequest(null, Object(Config\Cache), false)
 4 FCPATH\index.php(67): CodeIgniter\CodeIgniter->run()
 5 SYSTEMPATH\Commands\Server\rewrite.php(47): require_once('C:\\laragon\\www\\Cost_management\\public\\index.php')
CRITICAL - 2023-06-26 21:05:55 --> Non-static method CodeIgniter\BaseModel::findAll() cannot be called statically
in APPPATH\Controllers\Cost.php on line 40.
 1 SYSTEMPATH\CodeIgniter.php(932): App\Controllers\Cost->pay()
 2 SYSTEMPATH\CodeIgniter.php(497): CodeIgniter\CodeIgniter->runController(Object(App\Controllers\Cost))
 3 SYSTEMPATH\CodeIgniter.php(366): CodeIgniter\CodeIgniter->handleRequest(null, Object(Config\Cache), false)
 4 FCPATH\index.php(67): CodeIgniter\CodeIgniter->run()
 5 SYSTEMPATH\Commands\Server\rewrite.php(47): require_once('C:\\laragon\\www\\Cost_management\\public\\index.php')
CRITICAL - 2023-06-26 21:24:31 --> Undefined variable $payments
in APPPATH\Views\pay.php on line 14.
 1 APPPATH\Views\pay.php(14): CodeIgniter\Debug\Exceptions->errorHandler(2, 'Undefined variable $payments', 'C:\\laragon\\www\\Cost_management\\app\\Views\\pay.php', 14)
 2 SYSTEMPATH\View\View.php(224): include('C:\\laragon\\www\\Cost_management\\app\\Views\\pay.php')
 3 SYSTEMPATH\View\View.php(227): CodeIgniter\View\View->CodeIgniter\View\{closure}()
 4 SYSTEMPATH\Common.php(1180): CodeIgniter\View\View->render('pay', [], true)
 5 APPPATH\Controllers\Cost.php(58): view('pay')
 6 SYSTEMPATH\CodeIgniter.php(932): App\Controllers\Cost->paySend()
 7 SYSTEMPATH\CodeIgniter.php(497): CodeIgniter\CodeIgniter->runController(Object(App\Controllers\Cost))
 8 SYSTEMPATH\CodeIgniter.php(366): CodeIgniter\CodeIgniter->handleRequest(null, Object(Config\Cache), false)
 9 FCPATH\index.php(67): CodeIgniter\CodeIgniter->run()
10 SYSTEMPATH\Commands\Server\rewrite.php(47): require_once('C:\\laragon\\www\\Cost_management\\public\\index.php')
CRITICAL - 2023-06-26 21:25:29 --> Array to string conversion
in APPPATH\Controllers\Cost.php on line 55.
 1 APPPATH\Controllers\Cost.php(55): CodeIgniter\Debug\Exceptions->errorHandler(2, 'Array to string conversion', 'C:\\laragon\\www\\Cost_management\\app\\Controllers\\Cost.php', 55)
 2 SYSTEMPATH\CodeIgniter.php(932): App\Controllers\Cost->paySend()
 3 SYSTEMPATH\CodeIgniter.php(497): CodeIgniter\CodeIgniter->runController(Object(App\Controllers\Cost))
 4 SYSTEMPATH\CodeIgniter.php(366): CodeIgniter\CodeIgniter->handleRequest(null, Object(Config\Cache), false)
 5 FCPATH\index.php(67): CodeIgniter\CodeIgniter->run()
 6 SYSTEMPATH\Commands\Server\rewrite.php(47): require_once('C:\\laragon\\www\\Cost_management\\public\\index.php')
CRITICAL - 2023-06-26 21:26:33 --> Undefined variable $payments
in APPPATH\Views\pay.php on line 14.
 1 APPPATH\Views\pay.php(14): CodeIgniter\Debug\Exceptions->errorHandler(2, 'Undefined variable $payments', 'C:\\laragon\\www\\Cost_management\\app\\Views\\pay.php', 14)
 2 SYSTEMPATH\View\View.php(224): include('C:\\laragon\\www\\Cost_management\\app\\Views\\pay.php')
 3 SYSTEMPATH\View\View.php(227): CodeIgniter\View\View->CodeIgniter\View\{closure}()
 4 SYSTEMPATH\Common.php(1180): CodeIgniter\View\View->render('pay', [], true)
 5 APPPATH\Controllers\Cost.php(58): view('pay')
 6 SYSTEMPATH\CodeIgniter.php(932): App\Controllers\Cost->paySend()
 7 SYSTEMPATH\CodeIgniter.php(497): CodeIgniter\CodeIgniter->runController(Object(App\Controllers\Cost))
 8 SYSTEMPATH\CodeIgniter.php(366): CodeIgniter\CodeIgniter->handleRequest(null, Object(Config\Cache), false)
 9 FCPATH\index.php(67): CodeIgniter\CodeIgniter->run()
10 SYSTEMPATH\Commands\Server\rewrite.php(47): require_once('C:\\laragon\\www\\Cost_management\\public\\index.php')
CRITICAL - 2023-06-26 21:28:27 --> Undefined variable $payments
in APPPATH\Views\pay.php on line 14.
 1 APPPATH\Views\pay.php(14): CodeIgniter\Debug\Exceptions->errorHandler(2, 'Undefined variable $payments', 'C:\\laragon\\www\\Cost_management\\app\\Views\\pay.php', 14)
 2 SYSTEMPATH\View\View.php(224): include('C:\\laragon\\www\\Cost_management\\app\\Views\\pay.php')
 3 SYSTEMPATH\View\View.php(227): CodeIgniter\View\View->CodeIgniter\View\{closure}()
 4 SYSTEMPATH\Common.php(1180): CodeIgniter\View\View->render('pay', [], true)
 5 APPPATH\Controllers\Cost.php(58): view('pay')
 6 SYSTEMPATH\CodeIgniter.php(932): App\Controllers\Cost->paySend()
 7 SYSTEMPATH\CodeIgniter.php(497): CodeIgniter\CodeIgniter->runController(Object(App\Controllers\Cost))
 8 SYSTEMPATH\CodeIgniter.php(366): CodeIgniter\CodeIgniter->handleRequest(null, Object(Config\Cache), false)
 9 FCPATH\index.php(67): CodeIgniter\CodeIgniter->run()
10 SYSTEMPATH\Commands\Server\rewrite.php(47): require_once('C:\\laragon\\www\\Cost_management\\public\\index.php')
CRITICAL - 2023-06-26 21:30:37 --> Undefined variable $payments
in APPPATH\Views\pay.php on line 14.
 1 APPPATH\Views\pay.php(14): CodeIgniter\Debug\Exceptions->errorHandler(2, 'Undefined variable $payments', 'C:\\laragon\\www\\Cost_management\\app\\Views\\pay.php', 14)
 2 SYSTEMPATH\View\View.php(224): include('C:\\laragon\\www\\Cost_management\\app\\Views\\pay.php')
 3 SYSTEMPATH\View\View.php(227): CodeIgniter\View\View->CodeIgniter\View\{closure}()
 4 SYSTEMPATH\Common.php(1180): CodeIgniter\View\View->render('pay', [], true)
 5 APPPATH\Controllers\Cost.php(58): view('pay')
 6 SYSTEMPATH\CodeIgniter.php(932): App\Controllers\Cost->paySend()
 7 SYSTEMPATH\CodeIgniter.php(497): CodeIgniter\CodeIgniter->runController(Object(App\Controllers\Cost))
 8 SYSTEMPATH\CodeIgniter.php(366): CodeIgniter\CodeIgniter->handleRequest(null, Object(Config\Cache), false)
 9 FCPATH\index.php(67): CodeIgniter\CodeIgniter->run()
10 SYSTEMPATH\Commands\Server\rewrite.php(47): require_once('C:\\laragon\\www\\Cost_management\\public\\index.php')
CRITICAL - 2023-06-26 21:31:31 --> Undefined variable $payments
in APPPATH\Views\pay.php on line 14.
 1 APPPATH\Views\pay.php(14): CodeIgniter\Debug\Exceptions->errorHandler(2, 'Undefined variable $payments', 'C:\\laragon\\www\\Cost_management\\app\\Views\\pay.php', 14)
 2 SYSTEMPATH\View\View.php(224): include('C:\\laragon\\www\\Cost_management\\app\\Views\\pay.php')
 3 SYSTEMPATH\View\View.php(227): CodeIgniter\View\View->CodeIgniter\View\{closure}()
 4 SYSTEMPATH\Common.php(1180): CodeIgniter\View\View->render('pay', [], true)
 5 APPPATH\Controllers\Cost.php(58): view('pay')
 6 SYSTEMPATH\CodeIgniter.php(932): App\Controllers\Cost->paySend()
 7 SYSTEMPATH\CodeIgniter.php(497): CodeIgniter\CodeIgniter->runController(Object(App\Controllers\Cost))
 8 SYSTEMPATH\CodeIgniter.php(366): CodeIgniter\CodeIgniter->handleRequest(null, Object(Config\Cache), false)
 9 FCPATH\index.php(67): CodeIgniter\CodeIgniter->run()
10 SYSTEMPATH\Commands\Server\rewrite.php(47): require_once('C:\\laragon\\www\\Cost_management\\public\\index.php')
CRITICAL - 2023-06-26 21:57:38 --> Undefined variable $payments
in APPPATH\Views\pay.php on line 14.
 1 APPPATH\Views\pay.php(14): CodeIgniter\Debug\Exceptions->errorHandler(2, 'Undefined variable $payments', 'C:\\laragon\\www\\Cost_management\\app\\Views\\pay.php', 14)
 2 SYSTEMPATH\View\View.php(224): include('C:\\laragon\\www\\Cost_management\\app\\Views\\pay.php')
 3 SYSTEMPATH\View\View.php(227): CodeIgniter\View\View->CodeIgniter\View\{closure}()
 4 SYSTEMPATH\Common.php(1180): CodeIgniter\View\View->render('pay', [], true)
 5 APPPATH\Controllers\Cost.php(66): view('pay', [...])
 6 SYSTEMPATH\CodeIgniter.php(932): App\Controllers\Cost->datas()
 7 SYSTEMPATH\CodeIgniter.php(497): CodeIgniter\CodeIgniter->runController(Object(App\Controllers\Cost))
 8 SYSTEMPATH\CodeIgniter.php(366): CodeIgniter\CodeIgniter->handleRequest(null, Object(Config\Cache), false)
 9 FCPATH\index.php(67): CodeIgniter\CodeIgniter->run()
10 SYSTEMPATH\Commands\Server\rewrite.php(47): require_once('C:\\laragon\\www\\Cost_management\\public\\index.php')
CRITICAL - 2023-06-26 22:04:00 --> Undefined array key "payment"
in APPPATH\Views\all_data.php on line 24.
 1 APPPATH\Views\all_data.php(24): CodeIgniter\Debug\Exceptions->errorHandler(2, 'Undefined array key "payment"', 'C:\\laragon\\www\\Cost_management\\app\\Views\\all_data.php', 24)
 2 SYSTEMPATH\View\View.php(224): include('C:\\laragon\\www\\Cost_management\\app\\Views\\all_data.php')
 3 SYSTEMPATH\View\View.php(227): CodeIgniter\View\View->CodeIgniter\View\{closure}()
 4 SYSTEMPATH\Common.php(1180): CodeIgniter\View\View->render('all_data', [], true)
 5 APPPATH\Controllers\Cost.php(66): view('all_data', [...])
 6 SYSTEMPATH\CodeIgniter.php(932): App\Controllers\Cost->datas()
 7 SYSTEMPATH\CodeIgniter.php(497): CodeIgniter\CodeIgniter->runController(Object(App\Controllers\Cost))
 8 SYSTEMPATH\CodeIgniter.php(366): CodeIgniter\CodeIgniter->handleRequest(null, Object(Config\Cache), false)
 9 FCPATH\index.php(67): CodeIgniter\CodeIgniter->run()
10 SYSTEMPATH\Commands\Server\rewrite.php(47): require_once('C:\\laragon\\www\\Cost_management\\public\\index.php')
CRITICAL - 2023-06-26 22:04:02 --> Undefined array key "payment"
in APPPATH\Views\all_data.php on line 24.
 1 APPPATH\Views\all_data.php(24): CodeIgniter\Debug\Exceptions->errorHandler(2, 'Undefined array key "payment"', 'C:\\laragon\\www\\Cost_management\\app\\Views\\all_data.php', 24)
 2 SYSTEMPATH\View\View.php(224): include('C:\\laragon\\www\\Cost_management\\app\\Views\\all_data.php')
 3 SYSTEMPATH\View\View.php(227): CodeIgniter\View\View->CodeIgniter\View\{closure}()
 4 SYSTEMPATH\Common.php(1180): CodeIgniter\View\View->render('all_data', [], true)
 5 APPPATH\Controllers\Cost.php(66): view('all_data', [...])
 6 SYSTEMPATH\CodeIgniter.php(932): App\Controllers\Cost->datas()
 7 SYSTEMPATH\CodeIgniter.php(497): CodeIgniter\CodeIgniter->runController(Object(App\Controllers\Cost))
 8 SYSTEMPATH\CodeIgniter.php(366): CodeIgniter\CodeIgniter->handleRequest(null, Object(Config\Cache), false)
 9 FCPATH\index.php(67): CodeIgniter\CodeIgniter->run()
10 SYSTEMPATH\Commands\Server\rewrite.php(47): require_once('C:\\laragon\\www\\Cost_management\\public\\index.php')
CRITICAL - 2023-06-26 22:04:58 --> Call to undefined method App\Models\Pay::hasMany
in SYSTEMPATH\Model.php on line 838.
 1 APPPATH\Models\Pay.php(18): CodeIgniter\Model->__call('hasMany', [...])
 2 APPPATH\Controllers\Cost.php(65): App\Models\Pay->payment()
 3 SYSTEMPATH\CodeIgniter.php(932): App\Controllers\Cost->datas()
 4 SYSTEMPATH\CodeIgniter.php(497): CodeIgniter\CodeIgniter->runController(Object(App\Controllers\Cost))
 5 SYSTEMPATH\CodeIgniter.php(366): CodeIgniter\CodeIgniter->handleRequest(null, Object(Config\Cache), false)
 6 FCPATH\index.php(67): CodeIgniter\CodeIgniter->run()
 7 SYSTEMPATH\Commands\Server\rewrite.php(47): require_once('C:\\laragon\\www\\Cost_management\\public\\index.php')
CRITICAL - 2023-06-26 22:05:03 --> Call to undefined method App\Models\Pay::hasMany
in SYSTEMPATH\Model.php on line 838.
 1 APPPATH\Models\Pay.php(18): CodeIgniter\Model->__call('hasMany', [...])
 2 APPPATH\Controllers\Cost.php(65): App\Models\Pay->payment()
 3 SYSTEMPATH\CodeIgniter.php(932): App\Controllers\Cost->datas()
 4 SYSTEMPATH\CodeIgniter.php(497): CodeIgniter\CodeIgniter->runController(Object(App\Controllers\Cost))
 5 SYSTEMPATH\CodeIgniter.php(366): CodeIgniter\CodeIgniter->handleRequest(null, Object(Config\Cache), false)
 6 FCPATH\index.php(67): CodeIgniter\CodeIgniter->run()
 7 SYSTEMPATH\Commands\Server\rewrite.php(47): require_once('C:\\laragon\\www\\Cost_management\\public\\index.php')
CRITICAL - 2023-06-26 22:11:12 --> Call to undefined method App\Models\Pay::hasMany
in SYSTEMPATH\Model.php on line 838.
 1 APPPATH\Models\Pay.php(18): CodeIgniter\Model->__call('hasMany', [...])
 2 APPPATH\Controllers\Cost.php(65): App\Models\Pay->payment()
 3 SYSTEMPATH\CodeIgniter.php(932): App\Controllers\Cost->datas()
 4 SYSTEMPATH\CodeIgniter.php(497): CodeIgniter\CodeIgniter->runController(Object(App\Controllers\Cost))
 5 SYSTEMPATH\CodeIgniter.php(366): CodeIgniter\CodeIgniter->handleRequest(null, Object(Config\Cache), false)
 6 FCPATH\index.php(67): CodeIgniter\CodeIgniter->run()
 7 SYSTEMPATH\Commands\Server\rewrite.php(47): require_once('C:\\laragon\\www\\Cost_management\\public\\index.php')
CRITICAL - 2023-06-26 22:11:16 --> Call to undefined method App\Models\Pay::hasMany
in SYSTEMPATH\Model.php on line 838.
 1 APPPATH\Models\Pay.php(18): CodeIgniter\Model->__call('hasMany', [...])
 2 APPPATH\Controllers\Cost.php(65): App\Models\Pay->payment()
 3 SYSTEMPATH\CodeIgniter.php(932): App\Controllers\Cost->datas()
 4 SYSTEMPATH\CodeIgniter.php(497): CodeIgniter\CodeIgniter->runController(Object(App\Controllers\Cost))
 5 SYSTEMPATH\CodeIgniter.php(366): CodeIgniter\CodeIgniter->handleRequest(null, Object(Config\Cache), false)
 6 FCPATH\index.php(67): CodeIgniter\CodeIgniter->run()
 7 SYSTEMPATH\Commands\Server\rewrite.php(47): require_once('C:\\laragon\\www\\Cost_management\\public\\index.php')
CRITICAL - 2023-06-26 22:11:37 --> Call to undefined method App\Models\Pay::hasMany
in SYSTEMPATH\Model.php on line 838.
 1 APPPATH\Models\Pay.php(18): CodeIgniter\Model->__call('hasMany', [...])
 2 APPPATH\Controllers\Cost.php(65): App\Models\Pay->payment()
 3 SYSTEMPATH\CodeIgniter.php(932): App\Controllers\Cost->datas()
 4 SYSTEMPATH\CodeIgniter.php(497): CodeIgniter\CodeIgniter->runController(Object(App\Controllers\Cost))
 5 SYSTEMPATH\CodeIgniter.php(366): CodeIgniter\CodeIgniter->handleRequest(null, Object(Config\Cache), false)
 6 FCPATH\index.php(67): CodeIgniter\CodeIgniter->run()
 7 SYSTEMPATH\Commands\Server\rewrite.php(47): require_once('C:\\laragon\\www\\Cost_management\\public\\index.php')
CRITICAL - 2023-06-26 22:11:39 --> Call to undefined method App\Models\Pay::hasMany
in SYSTEMPATH\Model.php on line 838.
 1 APPPATH\Models\Pay.php(18): CodeIgniter\Model->__call('hasMany', [...])
 2 APPPATH\Controllers\Cost.php(65): App\Models\Pay->payment()
 3 SYSTEMPATH\CodeIgniter.php(932): App\Controllers\Cost->datas()
 4 SYSTEMPATH\CodeIgniter.php(497): CodeIgniter\CodeIgniter->runController(Object(App\Controllers\Cost))
 5 SYSTEMPATH\CodeIgniter.php(366): CodeIgniter\CodeIgniter->handleRequest(null, Object(Config\Cache), false)
 6 FCPATH\index.php(67): CodeIgniter\CodeIgniter->run()
 7 SYSTEMPATH\Commands\Server\rewrite.php(47): require_once('C:\\laragon\\www\\Cost_management\\public\\index.php')
CRITICAL - 2023-06-26 22:12:02 --> Call to a member function payment() on array
in APPPATH\Views\all_data.php on line 24.
 1 SYSTEMPATH\View\View.php(224): include()
 2 SYSTEMPATH\View\View.php(227): CodeIgniter\View\View->CodeIgniter\View\{closure}()
 3 SYSTEMPATH\Common.php(1180): CodeIgniter\View\View->render('all_data', [], true)
 4 APPPATH\Controllers\Cost.php(66): view('all_data', [...])
 5 SYSTEMPATH\CodeIgniter.php(932): App\Controllers\Cost->datas()
 6 SYSTEMPATH\CodeIgniter.php(497): CodeIgniter\CodeIgniter->runController(Object(App\Controllers\Cost))
 7 SYSTEMPATH\CodeIgniter.php(366): CodeIgniter\CodeIgniter->handleRequest(null, Object(Config\Cache), false)
 8 FCPATH\index.php(67): CodeIgniter\CodeIgniter->run()
 9 SYSTEMPATH\Commands\Server\rewrite.php(47): require_once('C:\\laragon\\www\\Cost_management\\public\\index.php')
CRITICAL - 2023-06-26 22:12:11 --> Attempt to read property "payment" on array
in APPPATH\Views\all_data.php on line 24.
 1 APPPATH\Views\all_data.php(24): CodeIgniter\Debug\Exceptions->errorHandler(2, 'Attempt to read property "payment" on array', 'C:\\laragon\\www\\Cost_management\\app\\Views\\all_data.php', 24)
 2 SYSTEMPATH\View\View.php(224): include('C:\\laragon\\www\\Cost_management\\app\\Views\\all_data.php')
 3 SYSTEMPATH\View\View.php(227): CodeIgniter\View\View->CodeIgniter\View\{closure}()
 4 SYSTEMPATH\Common.php(1180): CodeIgniter\View\View->render('all_data', [], true)
 5 APPPATH\Controllers\Cost.php(66): view('all_data', [...])
 6 SYSTEMPATH\CodeIgniter.php(932): App\Controllers\Cost->datas()
 7 SYSTEMPATH\CodeIgniter.php(497): CodeIgniter\CodeIgniter->runController(Object(App\Controllers\Cost))
 8 SYSTEMPATH\CodeIgniter.php(366): CodeIgniter\CodeIgniter->handleRequest(null, Object(Config\Cache), false)
 9 FCPATH\index.php(67): CodeIgniter\CodeIgniter->run()
10 SYSTEMPATH\Commands\Server\rewrite.php(47): require_once('C:\\laragon\\www\\Cost_management\\public\\index.php')
CRITICAL - 2023-06-26 22:12:15 --> Attempt to read property "payment" on array
in APPPATH\Views\all_data.php on line 24.
 1 APPPATH\Views\all_data.php(24): CodeIgniter\Debug\Exceptions->errorHandler(2, 'Attempt to read property "payment" on array', 'C:\\laragon\\www\\Cost_management\\app\\Views\\all_data.php', 24)
 2 SYSTEMPATH\View\View.php(224): include('C:\\laragon\\www\\Cost_management\\app\\Views\\all_data.php')
 3 SYSTEMPATH\View\View.php(227): CodeIgniter\View\View->CodeIgniter\View\{closure}()
 4 SYSTEMPATH\Common.php(1180): CodeIgniter\View\View->render('all_data', [], true)
 5 APPPATH\Controllers\Cost.php(66): view('all_data', [...])
 6 SYSTEMPATH\CodeIgniter.php(932): App\Controllers\Cost->datas()
 7 SYSTEMPATH\CodeIgniter.php(497): CodeIgniter\CodeIgniter->runController(Object(App\Controllers\Cost))
 8 SYSTEMPATH\CodeIgniter.php(366): CodeIgniter\CodeIgniter->handleRequest(null, Object(Config\Cache), false)
 9 FCPATH\index.php(67): CodeIgniter\CodeIgniter->run()
10 SYSTEMPATH\Commands\Server\rewrite.php(47): require_once('C:\\laragon\\www\\Cost_management\\public\\index.php')
CRITICAL - 2023-06-26 22:13:54 --> Attempt to read property "payment" on array
in APPPATH\Views\all_data.php on line 24.
 1 APPPATH\Views\all_data.php(24): CodeIgniter\Debug\Exceptions->errorHandler(2, 'Attempt to read property "payment" on array', 'C:\\laragon\\www\\Cost_management\\app\\Views\\all_data.php', 24)
 2 SYSTEMPATH\View\View.php(224): include('C:\\laragon\\www\\Cost_management\\app\\Views\\all_data.php')
 3 SYSTEMPATH\View\View.php(227): CodeIgniter\View\View->CodeIgniter\View\{closure}()
 4 SYSTEMPATH\Common.php(1180): CodeIgniter\View\View->render('all_data', [], true)
 5 APPPATH\Controllers\Cost.php(66): view('all_data', [...])
 6 SYSTEMPATH\CodeIgniter.php(932): App\Controllers\Cost->datas()
 7 SYSTEMPATH\CodeIgniter.php(497): CodeIgniter\CodeIgniter->runController(Object(App\Controllers\Cost))
 8 SYSTEMPATH\CodeIgniter.php(366): CodeIgniter\CodeIgniter->handleRequest(null, Object(Config\Cache), false)
 9 FCPATH\index.php(67): CodeIgniter\CodeIgniter->run()
10 SYSTEMPATH\Commands\Server\rewrite.php(47): require_once('C:\\laragon\\www\\Cost_management\\public\\index.php')
CRITICAL - 2023-06-26 22:15:37 --> Call to undefined method App\Models\Pay::with
in SYSTEMPATH\Model.php on line 838.
 1 APPPATH\Controllers\Cost.php(65): CodeIgniter\Model->__call('with', [...])
 2 SYSTEMPATH\CodeIgniter.php(932): App\Controllers\Cost->datas()
 3 SYSTEMPATH\CodeIgniter.php(497): CodeIgniter\CodeIgniter->runController(Object(App\Controllers\Cost))
 4 SYSTEMPATH\CodeIgniter.php(366): CodeIgniter\CodeIgniter->handleRequest(null, Object(Config\Cache), false)
 5 FCPATH\index.php(67): CodeIgniter\CodeIgniter->run()
 6 SYSTEMPATH\Commands\Server\rewrite.php(47): require_once('C:\\laragon\\www\\Cost_management\\public\\index.php')
CRITICAL - 2023-06-26 22:15:54 --> Call to undefined method App\Models\Pay::with
in SYSTEMPATH\Model.php on line 838.
 1 APPPATH\Controllers\Cost.php(65): CodeIgniter\Model->__call('with', [...])
 2 SYSTEMPATH\CodeIgniter.php(932): App\Controllers\Cost->datas()
 3 SYSTEMPATH\CodeIgniter.php(497): CodeIgniter\CodeIgniter->runController(Object(App\Controllers\Cost))
 4 SYSTEMPATH\CodeIgniter.php(366): CodeIgniter\CodeIgniter->handleRequest(null, Object(Config\Cache), false)
 5 FCPATH\index.php(67): CodeIgniter\CodeIgniter->run()
 6 SYSTEMPATH\Commands\Server\rewrite.php(47): require_once('C:\\laragon\\www\\Cost_management\\public\\index.php')
CRITICAL - 2023-06-26 22:16:03 --> Call to undefined method App\Models\Pay::with
in SYSTEMPATH\Model.php on line 838.
 1 APPPATH\Controllers\Cost.php(65): CodeIgniter\Model->__call('with', [...])
 2 SYSTEMPATH\CodeIgniter.php(932): App\Controllers\Cost->datas()
 3 SYSTEMPATH\CodeIgniter.php(497): CodeIgniter\CodeIgniter->runController(Object(App\Controllers\Cost))
 4 SYSTEMPATH\CodeIgniter.php(366): CodeIgniter\CodeIgniter->handleRequest(null, Object(Config\Cache), false)
 5 FCPATH\index.php(67): CodeIgniter\CodeIgniter->run()
 6 SYSTEMPATH\Commands\Server\rewrite.php(47): require_once('C:\\laragon\\www\\Cost_management\\public\\index.php')
CRITICAL - 2023-06-26 22:19:50 --> Call to undefined method App\Models\Pay::with
in SYSTEMPATH\Model.php on line 838.
 1 APPPATH\Controllers\Cost.php(65): CodeIgniter\Model->__call('with', [...])
 2 SYSTEMPATH\CodeIgniter.php(932): App\Controllers\Cost->datas()
 3 SYSTEMPATH\CodeIgniter.php(497): CodeIgniter\CodeIgniter->runController(Object(App\Controllers\Cost))
 4 SYSTEMPATH\CodeIgniter.php(366): CodeIgniter\CodeIgniter->handleRequest(null, Object(Config\Cache), false)
 5 FCPATH\index.php(67): CodeIgniter\CodeIgniter->run()
 6 SYSTEMPATH\Commands\Server\rewrite.php(47): require_once('C:\\laragon\\www\\Cost_management\\public\\index.php')
CRITICAL - 2023-06-26 22:22:55 --> Call to undefined method App\Models\Pay::with
in SYSTEMPATH\Model.php on line 838.
 1 APPPATH\Controllers\Cost.php(65): CodeIgniter\Model->__call('with', [...])
 2 SYSTEMPATH\CodeIgniter.php(932): App\Controllers\Cost->datas()
 3 SYSTEMPATH\CodeIgniter.php(497): CodeIgniter\CodeIgniter->runController(Object(App\Controllers\Cost))
 4 SYSTEMPATH\CodeIgniter.php(366): CodeIgniter\CodeIgniter->handleRequest(null, Object(Config\Cache), false)
 5 FCPATH\index.php(67): CodeIgniter\CodeIgniter->run()
 6 SYSTEMPATH\Commands\Server\rewrite.php(47): require_once('C:\\laragon\\www\\Cost_management\\public\\index.php')
ERROR - 2023-06-26 22:26:24 --> mysqli_sql_exception: Table 'cost.payment' doesn't exist in C:\laragon\www\Cost_management\system\Database\MySQLi\Connection.php:295
Stack trace:
#0 C:\laragon\www\Cost_management\system\Database\MySQLi\Connection.php(295): mysqli->query('SELECT *\nFROM `...', 0)
#1 C:\laragon\www\Cost_management\system\Database\BaseConnection.php(692): CodeIgniter\Database\MySQLi\Connection->execute('SELECT *\nFROM `...')
#2 C:\laragon\www\Cost_management\system\Database\BaseConnection.php(606): CodeIgniter\Database\BaseConnection->simpleQuery('SELECT *\nFROM `...')
#3 C:\laragon\www\Cost_management\system\Database\BaseBuilder.php(1616): CodeIgniter\Database\BaseConnection->query('SELECT *\nFROM `...', Array, false)
#4 C:\laragon\www\Cost_management\system\Model.php(241): CodeIgniter\Database\BaseBuilder->get()
#5 C:\laragon\www\Cost_management\system\BaseModel.php(618): CodeIgniter\Model->doFindAll(0, 0)
#6 C:\laragon\www\Cost_management\app\Controllers\Cost.php(66): CodeIgniter\BaseModel->findAll()
#7 C:\laragon\www\Cost_management\system\CodeIgniter.php(932): App\Controllers\Cost->datas()
#8 C:\laragon\www\Cost_management\system\CodeIgniter.php(497): CodeIgniter\CodeIgniter->runController(Object(App\Controllers\Cost))
#9 C:\laragon\www\Cost_management\system\CodeIgniter.php(366): CodeIgniter\CodeIgniter->handleRequest(NULL, Object(Config\Cache), false)
#10 C:\laragon\www\Cost_management\public\index.php(67): CodeIgniter\CodeIgniter->run()
#11 C:\laragon\www\Cost_management\system\Commands\Server\rewrite.php(47): require_once('C:\\laragon\\www\\...')
#12 {main}
CRITICAL - 2023-06-26 22:26:24 --> Table 'cost.payment' doesn't exist
in SYSTEMPATH\Database\MySQLi\Connection.php on line 295.
 1 SYSTEMPATH\Database\MySQLi\Connection.php(295): mysqli->query('SELECT *
FROM `pay`
JOIN `payment` ON `pay`.`id`=`pay`.`payment_id`', 0)
 2 SYSTEMPATH\Database\BaseConnection.php(692): CodeIgniter\Database\MySQLi\Connection->execute('SELECT *
FROM `pay`
JOIN `payment` ON `pay`.`id`=`pay`.`payment_id`')
 3 SYSTEMPATH\Database\BaseConnection.php(606): CodeIgniter\Database\BaseConnection->simpleQuery('SELECT *
FROM `pay`
JOIN `payment` ON `pay`.`id`=`pay`.`payment_id`')
 4 SYSTEMPATH\Database\BaseBuilder.php(1616): CodeIgniter\Database\BaseConnection->query('SELECT *
FROM `pay`
JOIN `payment` ON `pay`.`id`=`pay`.`payment_id`', [], false)
 5 SYSTEMPATH\Model.php(241): CodeIgniter\Database\BaseBuilder->get()
 6 SYSTEMPATH\BaseModel.php(618): CodeIgniter\Model->doFindAll(0, 0)
 7 APPPATH\Controllers\Cost.php(66): CodeIgniter\BaseModel->findAll()
 8 SYSTEMPATH\CodeIgniter.php(932): App\Controllers\Cost->datas()
 9 SYSTEMPATH\CodeIgniter.php(497): CodeIgniter\CodeIgniter->runController(Object(App\Controllers\Cost))
10 SYSTEMPATH\CodeIgniter.php(366): CodeIgniter\CodeIgniter->handleRequest(null, Object(Config\Cache), false)
11 FCPATH\index.php(67): CodeIgniter\CodeIgniter->run()
12 SYSTEMPATH\Commands\Server\rewrite.php(47): require_once('C:\\laragon\\www\\Cost_management\\public\\index.php')
ERROR - 2023-06-26 22:26:46 --> mysqli_sql_exception: Table 'cost.payment' doesn't exist in C:\laragon\www\Cost_management\system\Database\MySQLi\Connection.php:295
Stack trace:
#0 C:\laragon\www\Cost_management\system\Database\MySQLi\Connection.php(295): mysqli->query('SELECT *\nFROM `...', 0)
#1 C:\laragon\www\Cost_management\system\Database\BaseConnection.php(692): CodeIgniter\Database\MySQLi\Connection->execute('SELECT *\nFROM `...')
#2 C:\laragon\www\Cost_management\system\Database\BaseConnection.php(606): CodeIgniter\Database\BaseConnection->simpleQuery('SELECT *\nFROM `...')
#3 C:\laragon\www\Cost_management\system\Database\BaseBuilder.php(1616): CodeIgniter\Database\BaseConnection->query('SELECT *\nFROM `...', Array, false)
#4 C:\laragon\www\Cost_management\system\Model.php(241): CodeIgniter\Database\BaseBuilder->get()
#5 C:\laragon\www\Cost_management\system\BaseModel.php(618): CodeIgniter\Model->doFindAll(0, 0)
#6 C:\laragon\www\Cost_management\app\Controllers\Cost.php(66): CodeIgniter\BaseModel->findAll()
#7 C:\laragon\www\Cost_management\system\CodeIgniter.php(932): App\Controllers\Cost->datas()
#8 C:\laragon\www\Cost_management\system\CodeIgniter.php(497): CodeIgniter\CodeIgniter->runController(Object(App\Controllers\Cost))
#9 C:\laragon\www\Cost_management\system\CodeIgniter.php(366): CodeIgniter\CodeIgniter->handleRequest(NULL, Object(Config\Cache), false)
#10 C:\laragon\www\Cost_management\public\index.php(67): CodeIgniter\CodeIgniter->run()
#11 C:\laragon\www\Cost_management\system\Commands\Server\rewrite.php(47): require_once('C:\\laragon\\www\\...')
#12 {main}
CRITICAL - 2023-06-26 22:26:46 --> Table 'cost.payment' doesn't exist
in SYSTEMPATH\Database\MySQLi\Connection.php on line 295.
 1 SYSTEMPATH\Database\MySQLi\Connection.php(295): mysqli->query('SELECT *
FROM `pay`
JOIN `payment` ON `payment`.`id`=`pay`.`payment_id`', 0)
 2 SYSTEMPATH\Database\BaseConnection.php(692): CodeIgniter\Database\MySQLi\Connection->execute('SELECT *
FROM `pay`
JOIN `payment` ON `payment`.`id`=`pay`.`payment_id`')
 3 SYSTEMPATH\Database\BaseConnection.php(606): CodeIgniter\Database\BaseConnection->simpleQuery('SELECT *
FROM `pay`
JOIN `payment` ON `payment`.`id`=`pay`.`payment_id`')
 4 SYSTEMPATH\Database\BaseBuilder.php(1616): CodeIgniter\Database\BaseConnection->query('SELECT *
FROM `pay`
JOIN `payment` ON `payment`.`id`=`pay`.`payment_id`', [], false)
 5 SYSTEMPATH\Model.php(241): CodeIgniter\Database\BaseBuilder->get()
 6 SYSTEMPATH\BaseModel.php(618): CodeIgniter\Model->doFindAll(0, 0)
 7 APPPATH\Controllers\Cost.php(66): CodeIgniter\BaseModel->findAll()
 8 SYSTEMPATH\CodeIgniter.php(932): App\Controllers\Cost->datas()
 9 SYSTEMPATH\CodeIgniter.php(497): CodeIgniter\CodeIgniter->runController(Object(App\Controllers\Cost))
10 SYSTEMPATH\CodeIgniter.php(366): CodeIgniter\CodeIgniter->handleRequest(null, Object(Config\Cache), false)
11 FCPATH\index.php(67): CodeIgniter\CodeIgniter->run()
12 SYSTEMPATH\Commands\Server\rewrite.php(47): require_once('C:\\laragon\\www\\Cost_management\\public\\index.php')
ERROR - 2023-06-26 22:26:53 --> mysqli_sql_exception: Table 'cost.payment' doesn't exist in C:\laragon\www\Cost_management\system\Database\MySQLi\Connection.php:295
Stack trace:
#0 C:\laragon\www\Cost_management\system\Database\MySQLi\Connection.php(295): mysqli->query('SELECT *\nFROM `...', 0)
#1 C:\laragon\www\Cost_management\system\Database\BaseConnection.php(692): CodeIgniter\Database\MySQLi\Connection->execute('SELECT *\nFROM `...')
#2 C:\laragon\www\Cost_management\system\Database\BaseConnection.php(606): CodeIgniter\Database\BaseConnection->simpleQuery('SELECT *\nFROM `...')
#3 C:\laragon\www\Cost_management\system\Database\BaseBuilder.php(1616): CodeIgniter\Database\BaseConnection->query('SELECT *\nFROM `...', Array, false)
#4 C:\laragon\www\Cost_management\system\Model.php(241): CodeIgniter\Database\BaseBuilder->get()
#5 C:\laragon\www\Cost_management\system\BaseModel.php(618): CodeIgniter\Model->doFindAll(0, 0)
#6 C:\laragon\www\Cost_management\app\Controllers\Cost.php(66): CodeIgniter\BaseModel->findAll()
#7 C:\laragon\www\Cost_management\system\CodeIgniter.php(932): App\Controllers\Cost->datas()
#8 C:\laragon\www\Cost_management\system\CodeIgniter.php(497): CodeIgniter\CodeIgniter->runController(Object(App\Controllers\Cost))
#9 C:\laragon\www\Cost_management\system\CodeIgniter.php(366): CodeIgniter\CodeIgniter->handleRequest(NULL, Object(Config\Cache), false)
#10 C:\laragon\www\Cost_management\public\index.php(67): CodeIgniter\CodeIgniter->run()
#11 C:\laragon\www\Cost_management\system\Commands\Server\rewrite.php(47): require_once('C:\\laragon\\www\\...')
#12 {main}
CRITICAL - 2023-06-26 22:26:53 --> Table 'cost.payment' doesn't exist
in SYSTEMPATH\Database\MySQLi\Connection.php on line 295.
 1 SYSTEMPATH\Database\MySQLi\Connection.php(295): mysqli->query('SELECT *
FROM `pay`
JOIN `payment` ON `payments`.`id`=`pay`.`payment_id`', 0)
 2 SYSTEMPATH\Database\BaseConnection.php(692): CodeIgniter\Database\MySQLi\Connection->execute('SELECT *
FROM `pay`
JOIN `payment` ON `payments`.`id`=`pay`.`payment_id`')
 3 SYSTEMPATH\Database\BaseConnection.php(606): CodeIgniter\Database\BaseConnection->simpleQuery('SELECT *
FROM `pay`
JOIN `payment` ON `payments`.`id`=`pay`.`payment_id`')
 4 SYSTEMPATH\Database\BaseBuilder.php(1616): CodeIgniter\Database\BaseConnection->query('SELECT *
FROM `pay`
JOIN `payment` ON `payments`.`id`=`pay`.`payment_id`', [], false)
 5 SYSTEMPATH\Model.php(241): CodeIgniter\Database\BaseBuilder->get()
 6 SYSTEMPATH\BaseModel.php(618): CodeIgniter\Model->doFindAll(0, 0)
 7 APPPATH\Controllers\Cost.php(66): CodeIgniter\BaseModel->findAll()
 8 SYSTEMPATH\CodeIgniter.php(932): App\Controllers\Cost->datas()
 9 SYSTEMPATH\CodeIgniter.php(497): CodeIgniter\CodeIgniter->runController(Object(App\Controllers\Cost))
10 SYSTEMPATH\CodeIgniter.php(366): CodeIgniter\CodeIgniter->handleRequest(null, Object(Config\Cache), false)
11 FCPATH\index.php(67): CodeIgniter\CodeIgniter->run()
12 SYSTEMPATH\Commands\Server\rewrite.php(47): require_once('C:\\laragon\\www\\Cost_management\\public\\index.php')
ERROR - 2023-06-26 22:27:02 --> mysqli_sql_exception: Table 'cost.payment' doesn't exist in C:\laragon\www\Cost_management\system\Database\MySQLi\Connection.php:295
Stack trace:
#0 C:\laragon\www\Cost_management\system\Database\MySQLi\Connection.php(295): mysqli->query('SELECT *\nFROM `...', 0)
#1 C:\laragon\www\Cost_management\system\Database\BaseConnection.php(692): CodeIgniter\Database\MySQLi\Connection->execute('SELECT *\nFROM `...')
#2 C:\laragon\www\Cost_management\system\Database\BaseConnection.php(606): CodeIgniter\Database\BaseConnection->simpleQuery('SELECT *\nFROM `...')
#3 C:\laragon\www\Cost_management\system\Database\BaseBuilder.php(1616): CodeIgniter\Database\BaseConnection->query('SELECT *\nFROM `...', Array, false)
#4 C:\laragon\www\Cost_management\system\Model.php(241): CodeIgniter\Database\BaseBuilder->get()
#5 C:\laragon\www\Cost_management\system\BaseModel.php(618): CodeIgniter\Model->doFindAll(0, 0)
#6 C:\laragon\www\Cost_management\app\Controllers\Cost.php(66): CodeIgniter\BaseModel->findAll()
#7 C:\laragon\www\Cost_management\system\CodeIgniter.php(932): App\Controllers\Cost->datas()
#8 C:\laragon\www\Cost_management\system\CodeIgniter.php(497): CodeIgniter\CodeIgniter->runController(Object(App\Controllers\Cost))
#9 C:\laragon\www\Cost_management\system\CodeIgniter.php(366): CodeIgniter\CodeIgniter->handleRequest(NULL, Object(Config\Cache), false)
#10 C:\laragon\www\Cost_management\public\index.php(67): CodeIgniter\CodeIgniter->run()
#11 C:\laragon\www\Cost_management\system\Commands\Server\rewrite.php(47): require_once('C:\\laragon\\www\\...')
#12 {main}
CRITICAL - 2023-06-26 22:27:02 --> Table 'cost.payment' doesn't exist
in SYSTEMPATH\Database\MySQLi\Connection.php on line 295.
 1 SYSTEMPATH\Database\MySQLi\Connection.php(295): mysqli->query('SELECT *
FROM `pay`
JOIN `payment` ON `payment`.`id`=`pays`.`payment_id`', 0)
 2 SYSTEMPATH\Database\BaseConnection.php(692): CodeIgniter\Database\MySQLi\Connection->execute('SELECT *
FROM `pay`
JOIN `payment` ON `payment`.`id`=`pays`.`payment_id`')
 3 SYSTEMPATH\Database\BaseConnection.php(606): CodeIgniter\Database\BaseConnection->simpleQuery('SELECT *
FROM `pay`
JOIN `payment` ON `payment`.`id`=`pays`.`payment_id`')
 4 SYSTEMPATH\Database\BaseBuilder.php(1616): CodeIgniter\Database\BaseConnection->query('SELECT *
FROM `pay`
JOIN `payment` ON `payment`.`id`=`pays`.`payment_id`', [], false)
 5 SYSTEMPATH\Model.php(241): CodeIgniter\Database\BaseBuilder->get()
 6 SYSTEMPATH\BaseModel.php(618): CodeIgniter\Model->doFindAll(0, 0)
 7 APPPATH\Controllers\Cost.php(66): CodeIgniter\BaseModel->findAll()
 8 SYSTEMPATH\CodeIgniter.php(932): App\Controllers\Cost->datas()
 9 SYSTEMPATH\CodeIgniter.php(497): CodeIgniter\CodeIgniter->runController(Object(App\Controllers\Cost))
10 SYSTEMPATH\CodeIgniter.php(366): CodeIgniter\CodeIgniter->handleRequest(null, Object(Config\Cache), false)
11 FCPATH\index.php(67): CodeIgniter\CodeIgniter->run()
12 SYSTEMPATH\Commands\Server\rewrite.php(47): require_once('C:\\laragon\\www\\Cost_management\\public\\index.php')
ERROR - 2023-06-26 22:27:09 --> mysqli_sql_exception: Table 'cost.payment' doesn't exist in C:\laragon\www\Cost_management\system\Database\MySQLi\Connection.php:295
Stack trace:
#0 C:\laragon\www\Cost_management\system\Database\MySQLi\Connection.php(295): mysqli->query('SELECT *\nFROM `...', 0)
#1 C:\laragon\www\Cost_management\system\Database\BaseConnection.php(692): CodeIgniter\Database\MySQLi\Connection->execute('SELECT *\nFROM `...')
#2 C:\laragon\www\Cost_management\system\Database\BaseConnection.php(606): CodeIgniter\Database\BaseConnection->simpleQuery('SELECT *\nFROM `...')
#3 C:\laragon\www\Cost_management\system\Database\BaseBuilder.php(1616): CodeIgniter\Database\BaseConnection->query('SELECT *\nFROM `...', Array, false)
#4 C:\laragon\www\Cost_management\system\Model.php(241): CodeIgniter\Database\BaseBuilder->get()
#5 C:\laragon\www\Cost_management\system\BaseModel.php(618): CodeIgniter\Model->doFindAll(0, 0)
#6 C:\laragon\www\Cost_management\app\Controllers\Cost.php(66): CodeIgniter\BaseModel->findAll()
#7 C:\laragon\www\Cost_management\system\CodeIgniter.php(932): App\Controllers\Cost->datas()
#8 C:\laragon\www\Cost_management\system\CodeIgniter.php(497): CodeIgniter\CodeIgniter->runController(Object(App\Controllers\Cost))
#9 C:\laragon\www\Cost_management\system\CodeIgniter.php(366): CodeIgniter\CodeIgniter->handleRequest(NULL, Object(Config\Cache), false)
#10 C:\laragon\www\Cost_management\public\index.php(67): CodeIgniter\CodeIgniter->run()
#11 C:\laragon\www\Cost_management\system\Commands\Server\rewrite.php(47): require_once('C:\\laragon\\www\\...')
#12 {main}
CRITICAL - 2023-06-26 22:27:09 --> Table 'cost.payment' doesn't exist
in SYSTEMPATH\Database\MySQLi\Connection.php on line 295.
 1 SYSTEMPATH\Database\MySQLi\Connection.php(295): mysqli->query('SELECT *
FROM `pay`
JOIN `payment` ON `payments`.`id`=`pays`.`payment_id`', 0)
 2 SYSTEMPATH\Database\BaseConnection.php(692): CodeIgniter\Database\MySQLi\Connection->execute('SELECT *
FROM `pay`
JOIN `payment` ON `payments`.`id`=`pays`.`payment_id`')
 3 SYSTEMPATH\Database\BaseConnection.php(606): CodeIgniter\Database\BaseConnection->simpleQuery('SELECT *
FROM `pay`
JOIN `payment` ON `payments`.`id`=`pays`.`payment_id`')
 4 SYSTEMPATH\Database\BaseBuilder.php(1616): CodeIgniter\Database\BaseConnection->query('SELECT *
FROM `pay`
JOIN `payment` ON `payments`.`id`=`pays`.`payment_id`', [], false)
 5 SYSTEMPATH\Model.php(241): CodeIgniter\Database\BaseBuilder->get()
 6 SYSTEMPATH\BaseModel.php(618): CodeIgniter\Model->doFindAll(0, 0)
 7 APPPATH\Controllers\Cost.php(66): CodeIgniter\BaseModel->findAll()
 8 SYSTEMPATH\CodeIgniter.php(932): App\Controllers\Cost->datas()
 9 SYSTEMPATH\CodeIgniter.php(497): CodeIgniter\CodeIgniter->runController(Object(App\Controllers\Cost))
10 SYSTEMPATH\CodeIgniter.php(366): CodeIgniter\CodeIgniter->handleRequest(null, Object(Config\Cache), false)
11 FCPATH\index.php(67): CodeIgniter\CodeIgniter->run()
12 SYSTEMPATH\Commands\Server\rewrite.php(47): require_once('C:\\laragon\\www\\Cost_management\\public\\index.php')
CRITICAL - 2023-06-26 22:28:46 --> Call to undefined method App\Models\Pay::with
in SYSTEMPATH\Model.php on line 838.
 1 APPPATH\Controllers\Cost.php(65): CodeIgniter\Model->__call('with', [...])
 2 SYSTEMPATH\CodeIgniter.php(932): App\Controllers\Cost->datas()
 3 SYSTEMPATH\CodeIgniter.php(497): CodeIgniter\CodeIgniter->runController(Object(App\Controllers\Cost))
 4 SYSTEMPATH\CodeIgniter.php(366): CodeIgniter\CodeIgniter->handleRequest(null, Object(Config\Cache), false)
 5 FCPATH\index.php(67): CodeIgniter\CodeIgniter->run()
 6 SYSTEMPATH\Commands\Server\rewrite.php(47): require_once('C:\\laragon\\www\\Cost_management\\public\\index.php')
CRITICAL - 2023-06-26 22:29:20 --> Call to undefined method App\Models\Pay::with
in SYSTEMPATH\Model.php on line 838.
 1 APPPATH\Controllers\Cost.php(65): CodeIgniter\Model->__call('with', [...])
 2 SYSTEMPATH\CodeIgniter.php(932): App\Controllers\Cost->datas()
 3 SYSTEMPATH\CodeIgniter.php(497): CodeIgniter\CodeIgniter->runController(Object(App\Controllers\Cost))
 4 SYSTEMPATH\CodeIgniter.php(366): CodeIgniter\CodeIgniter->handleRequest(null, Object(Config\Cache), false)
 5 FCPATH\index.php(67): CodeIgniter\CodeIgniter->run()
 6 SYSTEMPATH\Commands\Server\rewrite.php(47): require_once('C:\\laragon\\www\\Cost_management\\public\\index.php')
CRITICAL - 2023-06-26 22:29:21 --> Call to undefined method App\Models\Pay::with
in SYSTEMPATH\Model.php on line 838.
 1 APPPATH\Controllers\Cost.php(65): CodeIgniter\Model->__call('with', [...])
 2 SYSTEMPATH\CodeIgniter.php(932): App\Controllers\Cost->datas()
 3 SYSTEMPATH\CodeIgniter.php(497): CodeIgniter\CodeIgniter->runController(Object(App\Controllers\Cost))
 4 SYSTEMPATH\CodeIgniter.php(366): CodeIgniter\CodeIgniter->handleRequest(null, Object(Config\Cache), false)
 5 FCPATH\index.php(67): CodeIgniter\CodeIgniter->run()
 6 SYSTEMPATH\Commands\Server\rewrite.php(47): require_once('C:\\laragon\\www\\Cost_management\\public\\index.php')
CRITICAL - 2023-06-26 22:30:53 --> Call to undefined method App\Models\Pay::with
in SYSTEMPATH\Model.php on line 838.
 1 APPPATH\Controllers\Cost.php(65): CodeIgniter\Model->__call('with', [...])
 2 SYSTEMPATH\CodeIgniter.php(932): App\Controllers\Cost->datas()
 3 SYSTEMPATH\CodeIgniter.php(497): CodeIgniter\CodeIgniter->runController(Object(App\Controllers\Cost))
 4 SYSTEMPATH\CodeIgniter.php(366): CodeIgniter\CodeIgniter->handleRequest(null, Object(Config\Cache), false)
 5 FCPATH\index.php(67): CodeIgniter\CodeIgniter->run()
 6 SYSTEMPATH\Commands\Server\rewrite.php(47): require_once('C:\\laragon\\www\\Cost_management\\public\\index.php')
CRITICAL - 2023-06-26 22:31:31 --> Call to undefined method App\Models\Pay::with
in SYSTEMPATH\Model.php on line 838.
 1 APPPATH\Controllers\Cost.php(65): CodeIgniter\Model->__call('with', [...])
 2 SYSTEMPATH\CodeIgniter.php(932): App\Controllers\Cost->datas()
 3 SYSTEMPATH\CodeIgniter.php(497): CodeIgniter\CodeIgniter->runController(Object(App\Controllers\Cost))
 4 SYSTEMPATH\CodeIgniter.php(366): CodeIgniter\CodeIgniter->handleRequest(null, Object(Config\Cache), false)
 5 FCPATH\index.php(67): CodeIgniter\CodeIgniter->run()
 6 SYSTEMPATH\Commands\Server\rewrite.php(47): require_once('C:\\laragon\\www\\Cost_management\\public\\index.php')
CRITICAL - 2023-06-26 22:33:04 --> Call to undefined method App\Models\Pay::with
in SYSTEMPATH\Model.php on line 838.
 1 APPPATH\Controllers\Cost.php(65): CodeIgniter\Model->__call('with', [...])
 2 SYSTEMPATH\CodeIgniter.php(932): App\Controllers\Cost->datas()
 3 SYSTEMPATH\CodeIgniter.php(497): CodeIgniter\CodeIgniter->runController(Object(App\Controllers\Cost))
 4 SYSTEMPATH\CodeIgniter.php(366): CodeIgniter\CodeIgniter->handleRequest(null, Object(Config\Cache), false)
 5 FCPATH\index.php(67): CodeIgniter\CodeIgniter->run()
 6 SYSTEMPATH\Commands\Server\rewrite.php(47): require_once('C:\\laragon\\www\\Cost_management\\public\\index.php')
CRITICAL - 2023-06-26 22:33:26 --> Call to undefined method App\Models\Pay::with
in SYSTEMPATH\Model.php on line 838.
 1 APPPATH\Controllers\Cost.php(65): CodeIgniter\Model->__call('with', [...])
 2 SYSTEMPATH\CodeIgniter.php(932): App\Controllers\Cost->datas()
 3 SYSTEMPATH\CodeIgniter.php(497): CodeIgniter\CodeIgniter->runController(Object(App\Controllers\Cost))
 4 SYSTEMPATH\CodeIgniter.php(366): CodeIgniter\CodeIgniter->handleRequest(null, Object(Config\Cache), false)
 5 FCPATH\index.php(67): CodeIgniter\CodeIgniter->run()
 6 SYSTEMPATH\Commands\Server\rewrite.php(47): require_once('C:\\laragon\\www\\Cost_management\\public\\index.php')
CRITICAL - 2023-06-26 22:48:27 --> Call to undefined method App\Models\Pay::with
in SYSTEMPATH\Model.php on line 838.
 1 APPPATH\Controllers\Cost.php(65): CodeIgniter\Model->__call('with', [...])
 2 SYSTEMPATH\CodeIgniter.php(932): App\Controllers\Cost->datas()
 3 SYSTEMPATH\CodeIgniter.php(497): CodeIgniter\CodeIgniter->runController(Object(App\Controllers\Cost))
 4 SYSTEMPATH\CodeIgniter.php(366): CodeIgniter\CodeIgniter->handleRequest(null, Object(Config\Cache), false)
 5 FCPATH\index.php(67): CodeIgniter\CodeIgniter->run()
 6 SYSTEMPATH\Commands\Server\rewrite.php(47): require_once('C:\\laragon\\www\\Cost_management\\public\\index.php')
ERROR - 2023-06-26 22:55:12 --> mysqli_sql_exception: Table 'cost.payment' doesn't exist in C:\laragon\www\Cost_management\system\Database\MySQLi\Connection.php:295
Stack trace:
#0 C:\laragon\www\Cost_management\system\Database\MySQLi\Connection.php(295): mysqli->query('SELECT *\nFROM `...', 0)
#1 C:\laragon\www\Cost_management\system\Database\BaseConnection.php(692): CodeIgniter\Database\MySQLi\Connection->execute('SELECT *\nFROM `...')
#2 C:\laragon\www\Cost_management\system\Database\BaseConnection.php(606): CodeIgniter\Database\BaseConnection->simpleQuery('SELECT *\nFROM `...')
#3 C:\laragon\www\Cost_management\system\Database\BaseBuilder.php(1616): CodeIgniter\Database\BaseConnection->query('SELECT *\nFROM `...', Array, false)
#4 C:\laragon\www\Cost_management\system\Model.php(241): CodeIgniter\Database\BaseBuilder->get()
#5 C:\laragon\www\Cost_management\system\BaseModel.php(618): CodeIgniter\Model->doFindAll(0, 0)
#6 C:\laragon\www\Cost_management\app\Controllers\Cost.php(66): CodeIgniter\BaseModel->findAll()
#7 C:\laragon\www\Cost_management\system\CodeIgniter.php(932): App\Controllers\Cost->datas()
#8 C:\laragon\www\Cost_management\system\CodeIgniter.php(497): CodeIgniter\CodeIgniter->runController(Object(App\Controllers\Cost))
#9 C:\laragon\www\Cost_management\system\CodeIgniter.php(366): CodeIgniter\CodeIgniter->handleRequest(NULL, Object(Config\Cache), false)
#10 C:\laragon\www\Cost_management\public\index.php(67): CodeIgniter\CodeIgniter->run()
#11 C:\laragon\www\Cost_management\system\Commands\Server\rewrite.php(47): require_once('C:\\laragon\\www\\...')
#12 {main}
CRITICAL - 2023-06-26 22:55:12 --> Table 'cost.payment' doesn't exist
in SYSTEMPATH\Database\MySQLi\Connection.php on line 295.
 1 SYSTEMPATH\Database\MySQLi\Connection.php(295): mysqli->query('SELECT *
FROM `pay`
JOIN `payment` ON `payment`.`id`=`pay`.`payment_id`', 0)
 2 SYSTEMPATH\Database\BaseConnection.php(692): CodeIgniter\Database\MySQLi\Connection->execute('SELECT *
FROM `pay`
JOIN `payment` ON `payment`.`id`=`pay`.`payment_id`')
 3 SYSTEMPATH\Database\BaseConnection.php(606): CodeIgniter\Database\BaseConnection->simpleQuery('SELECT *
FROM `pay`
JOIN `payment` ON `payment`.`id`=`pay`.`payment_id`')
 4 SYSTEMPATH\Database\BaseBuilder.php(1616): CodeIgniter\Database\BaseConnection->query('SELECT *
FROM `pay`
JOIN `payment` ON `payment`.`id`=`pay`.`payment_id`', [], false)
 5 SYSTEMPATH\Model.php(241): CodeIgniter\Database\BaseBuilder->get()
 6 SYSTEMPATH\BaseModel.php(618): CodeIgniter\Model->doFindAll(0, 0)
 7 APPPATH\Controllers\Cost.php(66): CodeIgniter\BaseModel->findAll()
 8 SYSTEMPATH\CodeIgniter.php(932): App\Controllers\Cost->datas()
 9 SYSTEMPATH\CodeIgniter.php(497): CodeIgniter\CodeIgniter->runController(Object(App\Controllers\Cost))
10 SYSTEMPATH\CodeIgniter.php(366): CodeIgniter\CodeIgniter->handleRequest(null, Object(Config\Cache), false)
11 FCPATH\index.php(67): CodeIgniter\CodeIgniter->run()
12 SYSTEMPATH\Commands\Server\rewrite.php(47): require_once('C:\\laragon\\www\\Cost_management\\public\\index.php')
ERROR - 2023-06-26 22:55:24 --> mysqli_sql_exception: Table 'cost.payment' doesn't exist in C:\laragon\www\Cost_management\system\Database\MySQLi\Connection.php:295
Stack trace:
#0 C:\laragon\www\Cost_management\system\Database\MySQLi\Connection.php(295): mysqli->query('SELECT *\nFROM `...', 0)
#1 C:\laragon\www\Cost_management\system\Database\BaseConnection.php(692): CodeIgniter\Database\MySQLi\Connection->execute('SELECT *\nFROM `...')
#2 C:\laragon\www\Cost_management\system\Database\BaseConnection.php(606): CodeIgniter\Database\BaseConnection->simpleQuery('SELECT *\nFROM `...')
#3 C:\laragon\www\Cost_management\system\Database\BaseBuilder.php(1616): CodeIgniter\Database\BaseConnection->query('SELECT *\nFROM `...', Array, false)
#4 C:\laragon\www\Cost_management\system\Model.php(836): CodeIgniter\Database\BaseBuilder->get()
#5 C:\laragon\www\Cost_management\app\Controllers\Cost.php(66): CodeIgniter\Model->__call('get', Array)
#6 C:\laragon\www\Cost_management\system\CodeIgniter.php(932): App\Controllers\Cost->datas()
#7 C:\laragon\www\Cost_management\system\CodeIgniter.php(497): CodeIgniter\CodeIgniter->runController(Object(App\Controllers\Cost))
#8 C:\laragon\www\Cost_management\system\CodeIgniter.php(366): CodeIgniter\CodeIgniter->handleRequest(NULL, Object(Config\Cache), false)
#9 C:\laragon\www\Cost_management\public\index.php(67): CodeIgniter\CodeIgniter->run()
#10 C:\laragon\www\Cost_management\system\Commands\Server\rewrite.php(47): require_once('C:\\laragon\\www\\...')
#11 {main}
CRITICAL - 2023-06-26 22:55:24 --> Table 'cost.payment' doesn't exist
in SYSTEMPATH\Database\MySQLi\Connection.php on line 295.
 1 SYSTEMPATH\Database\MySQLi\Connection.php(295): mysqli->query('SELECT *
FROM `pay`
JOIN `payment` ON `payment`.`id`=`pay`.`payment_id`', 0)
 2 SYSTEMPATH\Database\BaseConnection.php(692): CodeIgniter\Database\MySQLi\Connection->execute('SELECT *
FROM `pay`
JOIN `payment` ON `payment`.`id`=`pay`.`payment_id`')
 3 SYSTEMPATH\Database\BaseConnection.php(606): CodeIgniter\Database\BaseConnection->simpleQuery('SELECT *
FROM `pay`
JOIN `payment` ON `payment`.`id`=`pay`.`payment_id`')
 4 SYSTEMPATH\Database\BaseBuilder.php(1616): CodeIgniter\Database\BaseConnection->query('SELECT *
FROM `pay`
JOIN `payment` ON `payment`.`id`=`pay`.`payment_id`', [], false)
 5 SYSTEMPATH\Model.php(836): CodeIgniter\Database\BaseBuilder->get()
 6 APPPATH\Controllers\Cost.php(66): CodeIgniter\Model->__call('get', [])
 7 SYSTEMPATH\CodeIgniter.php(932): App\Controllers\Cost->datas()
 8 SYSTEMPATH\CodeIgniter.php(497): CodeIgniter\CodeIgniter->runController(Object(App\Controllers\Cost))
 9 SYSTEMPATH\CodeIgniter.php(366): CodeIgniter\CodeIgniter->handleRequest(null, Object(Config\Cache), false)
10 FCPATH\index.php(67): CodeIgniter\CodeIgniter->run()
11 SYSTEMPATH\Commands\Server\rewrite.php(47): require_once('C:\\laragon\\www\\Cost_management\\public\\index.php')
ERROR - 2023-06-26 22:55:51 --> mysqli_sql_exception: Table 'cost.payment' doesn't exist in C:\laragon\www\Cost_management\system\Database\MySQLi\Connection.php:295
Stack trace:
#0 C:\laragon\www\Cost_management\system\Database\MySQLi\Connection.php(295): mysqli->query('SELECT *\nFROM `...', 0)
#1 C:\laragon\www\Cost_management\system\Database\BaseConnection.php(692): CodeIgniter\Database\MySQLi\Connection->execute('SELECT *\nFROM `...')
#2 C:\laragon\www\Cost_management\system\Database\BaseConnection.php(606): CodeIgniter\Database\BaseConnection->simpleQuery('SELECT *\nFROM `...')
#3 C:\laragon\www\Cost_management\system\Database\BaseBuilder.php(1616): CodeIgniter\Database\BaseConnection->query('SELECT *\nFROM `...', Array, false)
#4 C:\laragon\www\Cost_management\system\Model.php(241): CodeIgniter\Database\BaseBuilder->get()
#5 C:\laragon\www\Cost_management\system\BaseModel.php(618): CodeIgniter\Model->doFindAll(0, 0)
#6 C:\laragon\www\Cost_management\app\Controllers\Cost.php(66): CodeIgniter\BaseModel->findAll()
#7 C:\laragon\www\Cost_management\system\CodeIgniter.php(932): App\Controllers\Cost->datas()
#8 C:\laragon\www\Cost_management\system\CodeIgniter.php(497): CodeIgniter\CodeIgniter->runController(Object(App\Controllers\Cost))
#9 C:\laragon\www\Cost_management\system\CodeIgniter.php(366): CodeIgniter\CodeIgniter->handleRequest(NULL, Object(Config\Cache), false)
#10 C:\laragon\www\Cost_management\public\index.php(67): CodeIgniter\CodeIgniter->run()
#11 C:\laragon\www\Cost_management\system\Commands\Server\rewrite.php(47): require_once('C:\\laragon\\www\\...')
#12 {main}
CRITICAL - 2023-06-26 22:55:51 --> Table 'cost.payment' doesn't exist
in SYSTEMPATH\Database\MySQLi\Connection.php on line 295.
 1 SYSTEMPATH\Database\MySQLi\Connection.php(295): mysqli->query('SELECT *
FROM `pay`
JOIN `payment` ON `payment`.`id`=`pay`.`payment_id`', 0)
 2 SYSTEMPATH\Database\BaseConnection.php(692): CodeIgniter\Database\MySQLi\Connection->execute('SELECT *
FROM `pay`
JOIN `payment` ON `payment`.`id`=`pay`.`payment_id`')
 3 SYSTEMPATH\Database\BaseConnection.php(606): CodeIgniter\Database\BaseConnection->simpleQuery('SELECT *
FROM `pay`
JOIN `payment` ON `payment`.`id`=`pay`.`payment_id`')
 4 SYSTEMPATH\Database\BaseBuilder.php(1616): CodeIgniter\Database\BaseConnection->query('SELECT *
FROM `pay`
JOIN `payment` ON `payment`.`id`=`pay`.`payment_id`', [], false)
 5 SYSTEMPATH\Model.php(241): CodeIgniter\Database\BaseBuilder->get()
 6 SYSTEMPATH\BaseModel.php(618): CodeIgniter\Model->doFindAll(0, 0)
 7 APPPATH\Controllers\Cost.php(66): CodeIgniter\BaseModel->findAll()
 8 SYSTEMPATH\CodeIgniter.php(932): App\Controllers\Cost->datas()
 9 SYSTEMPATH\CodeIgniter.php(497): CodeIgniter\CodeIgniter->runController(Object(App\Controllers\Cost))
10 SYSTEMPATH\CodeIgniter.php(366): CodeIgniter\CodeIgniter->handleRequest(null, Object(Config\Cache), false)
11 FCPATH\index.php(67): CodeIgniter\CodeIgniter->run()
12 SYSTEMPATH\Commands\Server\rewrite.php(47): require_once('C:\\laragon\\www\\Cost_management\\public\\index.php')
CRITICAL - 2023-06-26 23:18:44 --> Undefined property: CodeIgniter\HTTP\IncomingRequest::$payment_id
in APPPATH\Controllers\Cost.php on line 72.
 1 APPPATH\Controllers\Cost.php(72): CodeIgniter\Debug\Exceptions->errorHandler(2, 'Undefined property: CodeIgniter\\HTTP\\IncomingRequest::$payment_id', 'C:\\laragon\\www\\Cost_management\\app\\Controllers\\Cost.php', 72)
 2 SYSTEMPATH\CodeIgniter.php(932): App\Controllers\Cost->paymentFilter()
 3 SYSTEMPATH\CodeIgniter.php(497): CodeIgniter\CodeIgniter->runController(Object(App\Controllers\Cost))
 4 SYSTEMPATH\CodeIgniter.php(366): CodeIgniter\CodeIgniter->handleRequest(null, Object(Config\Cache), false)
 5 FCPATH\index.php(67): CodeIgniter\CodeIgniter->run()
 6 SYSTEMPATH\Commands\Server\rewrite.php(47): require_once('C:\\laragon\\www\\Cost_management\\public\\index.php')
CRITICAL - 2023-06-26 23:19:15 --> Undefined property: CodeIgniter\HTTP\IncomingRequest::$payment_id
in APPPATH\Controllers\Cost.php on line 72.
 1 APPPATH\Controllers\Cost.php(72): CodeIgniter\Debug\Exceptions->errorHandler(2, 'Undefined property: CodeIgniter\\HTTP\\IncomingRequest::$payment_id', 'C:\\laragon\\www\\Cost_management\\app\\Controllers\\Cost.php', 72)
 2 SYSTEMPATH\CodeIgniter.php(932): App\Controllers\Cost->paymentFilter()
 3 SYSTEMPATH\CodeIgniter.php(497): CodeIgniter\CodeIgniter->runController(Object(App\Controllers\Cost))
 4 SYSTEMPATH\CodeIgniter.php(366): CodeIgniter\CodeIgniter->handleRequest(null, Object(Config\Cache), false)
 5 FCPATH\index.php(67): CodeIgniter\CodeIgniter->run()
 6 SYSTEMPATH\Commands\Server\rewrite.php(47): require_once('C:\\laragon\\www\\Cost_management\\public\\index.php')
CRITICAL - 2023-06-26 23:19:55 --> Undefined property: CodeIgniter\HTTP\IncomingRequest::$payment_id
in APPPATH\Controllers\Cost.php on line 72.
 1 APPPATH\Controllers\Cost.php(72): CodeIgniter\Debug\Exceptions->errorHandler(2, 'Undefined property: CodeIgniter\\HTTP\\IncomingRequest::$payment_id', 'C:\\laragon\\www\\Cost_management\\app\\Controllers\\Cost.php', 72)
 2 SYSTEMPATH\CodeIgniter.php(932): App\Controllers\Cost->paymentFilter()
 3 SYSTEMPATH\CodeIgniter.php(497): CodeIgniter\CodeIgniter->runController(Object(App\Controllers\Cost))
 4 SYSTEMPATH\CodeIgniter.php(366): CodeIgniter\CodeIgniter->handleRequest(null, Object(Config\Cache), false)
 5 FCPATH\index.php(67): CodeIgniter\CodeIgniter->run()
 6 SYSTEMPATH\Commands\Server\rewrite.php(47): require_once('C:\\laragon\\www\\Cost_management\\public\\index.php')
CRITICAL - 2023-06-26 23:20:14 --> Undefined property: CodeIgniter\HTTP\IncomingRequest::$payment_id
in APPPATH\Controllers\Cost.php on line 72.
 1 APPPATH\Controllers\Cost.php(72): CodeIgniter\Debug\Exceptions->errorHandler(2, 'Undefined property: CodeIgniter\\HTTP\\IncomingRequest::$payment_id', 'C:\\laragon\\www\\Cost_management\\app\\Controllers\\Cost.php', 72)
 2 SYSTEMPATH\CodeIgniter.php(932): App\Controllers\Cost->paymentFilter()
 3 SYSTEMPATH\CodeIgniter.php(497): CodeIgniter\CodeIgniter->runController(Object(App\Controllers\Cost))
 4 SYSTEMPATH\CodeIgniter.php(366): CodeIgniter\CodeIgniter->handleRequest(null, Object(Config\Cache), false)
 5 FCPATH\index.php(67): CodeIgniter\CodeIgniter->run()
 6 SYSTEMPATH\Commands\Server\rewrite.php(47): require_once('C:\\laragon\\www\\Cost_management\\public\\index.php')
CRITICAL - 2023-06-26 23:22:16 --> Undefined property: CodeIgniter\HTTP\IncomingRequest::$payment_id
in APPPATH\Controllers\Cost.php on line 72.
 1 APPPATH\Controllers\Cost.php(72): CodeIgniter\Debug\Exceptions->errorHandler(2, 'Undefined property: CodeIgniter\\HTTP\\IncomingRequest::$payment_id', 'C:\\laragon\\www\\Cost_management\\app\\Controllers\\Cost.php', 72)
 2 SYSTEMPATH\CodeIgniter.php(932): App\Controllers\Cost->paymentFilter()
 3 SYSTEMPATH\CodeIgniter.php(497): CodeIgniter\CodeIgniter->runController(Object(App\Controllers\Cost))
 4 SYSTEMPATH\CodeIgniter.php(366): CodeIgniter\CodeIgniter->handleRequest(null, Object(Config\Cache), false)
 5 FCPATH\index.php(67): CodeIgniter\CodeIgniter->run()
 6 SYSTEMPATH\Commands\Server\rewrite.php(47): require_once('C:\\laragon\\www\\Cost_management\\public\\index.php')
CRITICAL - 2023-06-26 23:22:34 --> Undefined property: CodeIgniter\HTTP\IncomingRequest::$payment_id
in APPPATH\Controllers\Cost.php on line 73.
 1 APPPATH\Controllers\Cost.php(73): CodeIgniter\Debug\Exceptions->errorHandler(2, 'Undefined property: CodeIgniter\\HTTP\\IncomingRequest::$payment_id', 'C:\\laragon\\www\\Cost_management\\app\\Controllers\\Cost.php', 73)
 2 SYSTEMPATH\CodeIgniter.php(932): App\Controllers\Cost->paymentFilter()
 3 SYSTEMPATH\CodeIgniter.php(497): CodeIgniter\CodeIgniter->runController(Object(App\Controllers\Cost))
 4 SYSTEMPATH\CodeIgniter.php(366): CodeIgniter\CodeIgniter->handleRequest(null, Object(Config\Cache), false)
 5 FCPATH\index.php(67): CodeIgniter\CodeIgniter->run()
 6 SYSTEMPATH\Commands\Server\rewrite.php(47): require_once('C:\\laragon\\www\\Cost_management\\public\\index.php')
CRITICAL - 2023-06-26 23:23:11 --> Undefined property: App\Controllers\Cost::$payment_id
in APPPATH\Controllers\Cost.php on line 72.
 1 APPPATH\Controllers\Cost.php(72): CodeIgniter\Debug\Exceptions->errorHandler(2, 'Undefined property: App\\Controllers\\Cost::$payment_id', 'C:\\laragon\\www\\Cost_management\\app\\Controllers\\Cost.php', 72)
 2 SYSTEMPATH\CodeIgniter.php(932): App\Controllers\Cost->paymentFilter()
 3 SYSTEMPATH\CodeIgniter.php(497): CodeIgniter\CodeIgniter->runController(Object(App\Controllers\Cost))
 4 SYSTEMPATH\CodeIgniter.php(366): CodeIgniter\CodeIgniter->handleRequest(null, Object(Config\Cache), false)
 5 FCPATH\index.php(67): CodeIgniter\CodeIgniter->run()
 6 SYSTEMPATH\Commands\Server\rewrite.php(47): require_once('C:\\laragon\\www\\Cost_management\\public\\index.php')
CRITICAL - 2023-06-26 23:23:27 --> Undefined property: App\Controllers\Cost::$payment_id
in APPPATH\Controllers\Cost.php on line 72.
 1 APPPATH\Controllers\Cost.php(72): CodeIgniter\Debug\Exceptions->errorHandler(2, 'Undefined property: App\\Controllers\\Cost::$payment_id', 'C:\\laragon\\www\\Cost_management\\app\\Controllers\\Cost.php', 72)
 2 SYSTEMPATH\CodeIgniter.php(932): App\Controllers\Cost->paymentFilter()
 3 SYSTEMPATH\CodeIgniter.php(497): CodeIgniter\CodeIgniter->runController(Object(App\Controllers\Cost))
 4 SYSTEMPATH\CodeIgniter.php(366): CodeIgniter\CodeIgniter->handleRequest(null, Object(Config\Cache), false)
 5 FCPATH\index.php(67): CodeIgniter\CodeIgniter->run()
 6 SYSTEMPATH\Commands\Server\rewrite.php(47): require_once('C:\\laragon\\www\\Cost_management\\public\\index.php')
CRITICAL - 2023-06-26 23:26:12 --> Cannot use object of type mysqli as array
in APPPATH\Views\all_data.php on line 25.
 1 SYSTEMPATH\View\View.php(224): include()
 2 SYSTEMPATH\View\View.php(227): CodeIgniter\View\View->CodeIgniter\View\{closure}()
 3 SYSTEMPATH\Common.php(1180): CodeIgniter\View\View->render('all_data', [], true)
 4 APPPATH\Controllers\Cost.php(73): view('all_data', [...])
 5 SYSTEMPATH\CodeIgniter.php(932): App\Controllers\Cost->paymentFilter()
 6 SYSTEMPATH\CodeIgniter.php(497): CodeIgniter\CodeIgniter->runController(Object(App\Controllers\Cost))
 7 SYSTEMPATH\CodeIgniter.php(366): CodeIgniter\CodeIgniter->handleRequest(null, Object(Config\Cache), false)
 8 FCPATH\index.php(67): CodeIgniter\CodeIgniter->run()
 9 SYSTEMPATH\Commands\Server\rewrite.php(47): require_once('C:\\laragon\\www\\Cost_management\\public\\index.php')
CRITICAL - 2023-06-26 23:26:29 --> Cannot use object of type mysqli as array
in APPPATH\Views\all_data.php on line 25.
 1 SYSTEMPATH\View\View.php(224): include()
 2 SYSTEMPATH\View\View.php(227): CodeIgniter\View\View->CodeIgniter\View\{closure}()
 3 SYSTEMPATH\Common.php(1180): CodeIgniter\View\View->render('all_data', [], true)
 4 APPPATH\Controllers\Cost.php(73): view('all_data', [...])
 5 SYSTEMPATH\CodeIgniter.php(932): App\Controllers\Cost->paymentFilter()
 6 SYSTEMPATH\CodeIgniter.php(497): CodeIgniter\CodeIgniter->runController(Object(App\Controllers\Cost))
 7 SYSTEMPATH\CodeIgniter.php(366): CodeIgniter\CodeIgniter->handleRequest(null, Object(Config\Cache), false)
 8 FCPATH\index.php(67): CodeIgniter\CodeIgniter->run()
 9 SYSTEMPATH\Commands\Server\rewrite.php(47): require_once('C:\\laragon\\www\\Cost_management\\public\\index.php')
CRITICAL - 2023-06-26 23:27:43 --> Cannot use object of type mysqli as array
in APPPATH\Views\all_data.php on line 25.
 1 SYSTEMPATH\View\View.php(224): include()
 2 SYSTEMPATH\View\View.php(227): CodeIgniter\View\View->CodeIgniter\View\{closure}()
 3 SYSTEMPATH\Common.php(1180): CodeIgniter\View\View->render('all_data', [], true)
 4 APPPATH\Controllers\Cost.php(73): view('all_data', [...])
 5 SYSTEMPATH\CodeIgniter.php(932): App\Controllers\Cost->paymentFilter()
 6 SYSTEMPATH\CodeIgniter.php(497): CodeIgniter\CodeIgniter->runController(Object(App\Controllers\Cost))
 7 SYSTEMPATH\CodeIgniter.php(366): CodeIgniter\CodeIgniter->handleRequest(null, Object(Config\Cache), false)
 8 FCPATH\index.php(67): CodeIgniter\CodeIgniter->run()
 9 SYSTEMPATH\Commands\Server\rewrite.php(47): require_once('C:\\laragon\\www\\Cost_management\\public\\index.php')
