CRITICAL - 2023-06-27 09:14:32 --> Undefined property: App\Controllers\Cost::$load
in APPPATH\Controllers\Cost.php on line 73.
 1 APPPATH\Controllers\Cost.php(73): CodeIgniter\Debug\Exceptions->errorHandler(2, 'Undefined property: App\\Controllers\\Cost::$load', 'C:\\laragon\\www\\Cost_management\\app\\Controllers\\Cost.php', 73)
 2 SYSTEMPATH\CodeIgniter.php(932): App\Controllers\Cost->paymentFilter()
 3 SYSTEMPATH\CodeIgniter.php(497): CodeIgniter\CodeIgniter->runController(Object(App\Controllers\Cost))
 4 SYSTEMPATH\CodeIgniter.php(366): CodeIgniter\CodeIgniter->handleRequest(null, Object(Config\Cache), false)
 5 FCPATH\index.php(67): CodeIgniter\CodeIgniter->run()
 6 SYSTEMPATH\Commands\Server\rewrite.php(47): require_once('C:\\laragon\\www\\Cost_management\\public\\index.php')
CRITICAL - 2023-06-27 09:14:42 --> Undefined property: App\Controllers\Cost::$load
in APPPATH\Controllers\Cost.php on line 73.
 1 APPPATH\Controllers\Cost.php(73): CodeIgniter\Debug\Exceptions->errorHandler(2, 'Undefined property: App\\Controllers\\Cost::$load', 'C:\\laragon\\www\\Cost_management\\app\\Controllers\\Cost.php', 73)
 2 SYSTEMPATH\CodeIgniter.php(932): App\Controllers\Cost->paymentFilter()
 3 SYSTEMPATH\CodeIgniter.php(497): CodeIgniter\CodeIgniter->runController(Object(App\Controllers\Cost))
 4 SYSTEMPATH\CodeIgniter.php(366): CodeIgniter\CodeIgniter->handleRequest(null, Object(Config\Cache), false)
 5 FCPATH\index.php(67): CodeIgniter\CodeIgniter->run()
 6 SYSTEMPATH\Commands\Server\rewrite.php(47): require_once('C:\\laragon\\www\\Cost_management\\public\\index.php')
CRITICAL - 2023-06-27 09:16:44 --> Undefined property: App\Controllers\Cost::$load
in APPPATH\Controllers\Cost.php on line 73.
 1 APPPATH\Controllers\Cost.php(73): CodeIgniter\Debug\Exceptions->errorHandler(2, 'Undefined property: App\\Controllers\\Cost::$load', 'C:\\laragon\\www\\Cost_management\\app\\Controllers\\Cost.php', 73)
 2 SYSTEMPATH\CodeIgniter.php(932): App\Controllers\Cost->paymentFilter()
 3 SYSTEMPATH\CodeIgniter.php(497): CodeIgniter\CodeIgniter->runController(Object(App\Controllers\Cost))
 4 SYSTEMPATH\CodeIgniter.php(366): CodeIgniter\CodeIgniter->handleRequest(null, Object(Config\Cache), false)
 5 FCPATH\index.php(67): CodeIgniter\CodeIgniter->run()
 6 SYSTEMPATH\Commands\Server\rewrite.php(47): require_once('C:\\laragon\\www\\Cost_management\\public\\index.php')
CRITICAL - 2023-06-27 10:04:18 --> Array to string conversion
in APPPATH\Controllers\Cost.php on line 73.
 1 APPPATH\Controllers\Cost.php(73): CodeIgniter\Debug\Exceptions->errorHandler(2, 'Array to string conversion', 'C:\\laragon\\www\\Cost_management\\app\\Controllers\\Cost.php', 73)
 2 SYSTEMPATH\CodeIgniter.php(932): App\Controllers\Cost->paymentFilter()
 3 SYSTEMPATH\CodeIgniter.php(497): CodeIgniter\CodeIgniter->runController(Object(App\Controllers\Cost))
 4 SYSTEMPATH\CodeIgniter.php(366): CodeIgniter\CodeIgniter->handleRequest(null, Object(Config\Cache), false)
 5 FCPATH\index.php(67): CodeIgniter\CodeIgniter->run()
 6 SYSTEMPATH\Commands\Server\rewrite.php(47): require_once('C:\\laragon\\www\\Cost_management\\public\\index.php')
CRITICAL - 2023-06-27 10:31:13 --> Undefined variable $all_income
in APPPATH\Views\all_data.php on line 34.
 1 APPPATH\Views\all_data.php(34): CodeIgniter\Debug\Exceptions->errorHandler(2, 'Undefined variable $all_income', 'C:\\laragon\\www\\Cost_management\\app\\Views\\all_data.php', 34)
 2 SYSTEMPATH\View\View.php(224): include('C:\\laragon\\www\\Cost_management\\app\\Views\\all_data.php')
 3 SYSTEMPATH\View\View.php(227): CodeIgniter\View\View->CodeIgniter\View\{closure}()
 4 SYSTEMPATH\Common.php(1180): CodeIgniter\View\View->render('all_data', [], true)
 5 APPPATH\Controllers\Cost.php(68): view('all_data', [...])
 6 SYSTEMPATH\CodeIgniter.php(932): App\Controllers\Cost->datas()
 7 SYSTEMPATH\CodeIgniter.php(497): CodeIgniter\CodeIgniter->runController(Object(App\Controllers\Cost))
 8 SYSTEMPATH\CodeIgniter.php(366): CodeIgniter\CodeIgniter->handleRequest(null, Object(Config\Cache), false)
 9 FCPATH\index.php(67): CodeIgniter\CodeIgniter->run()
10 SYSTEMPATH\Commands\Server\rewrite.php(47): require_once('C:\\laragon\\www\\Cost_management\\public\\index.php')
CRITICAL - 2023-06-27 10:31:19 --> Undefined variable $all_income
in APPPATH\Views\all_data.php on line 34.
 1 APPPATH\Views\all_data.php(34): CodeIgniter\Debug\Exceptions->errorHandler(2, 'Undefined variable $all_income', 'C:\\laragon\\www\\Cost_management\\app\\Views\\all_data.php', 34)
 2 SYSTEMPATH\View\View.php(224): include('C:\\laragon\\www\\Cost_management\\app\\Views\\all_data.php')
 3 SYSTEMPATH\View\View.php(227): CodeIgniter\View\View->CodeIgniter\View\{closure}()
 4 SYSTEMPATH\Common.php(1180): CodeIgniter\View\View->render('all_data', [], true)
 5 APPPATH\Controllers\Cost.php(68): view('all_data', [...])
 6 SYSTEMPATH\CodeIgniter.php(932): App\Controllers\Cost->datas()
 7 SYSTEMPATH\CodeIgniter.php(497): CodeIgniter\CodeIgniter->runController(Object(App\Controllers\Cost))
 8 SYSTEMPATH\CodeIgniter.php(366): CodeIgniter\CodeIgniter->handleRequest(null, Object(Config\Cache), false)
 9 FCPATH\index.php(67): CodeIgniter\CodeIgniter->run()
10 SYSTEMPATH\Commands\Server\rewrite.php(47): require_once('C:\\laragon\\www\\Cost_management\\public\\index.php')
CRITICAL - 2023-06-27 10:31:27 --> Undefined variable $all_income
in APPPATH\Views\all_data.php on line 34.
 1 APPPATH\Views\all_data.php(34): CodeIgniter\Debug\Exceptions->errorHandler(2, 'Undefined variable $all_income', 'C:\\laragon\\www\\Cost_management\\app\\Views\\all_data.php', 34)
 2 SYSTEMPATH\View\View.php(224): include('C:\\laragon\\www\\Cost_management\\app\\Views\\all_data.php')
 3 SYSTEMPATH\View\View.php(227): CodeIgniter\View\View->CodeIgniter\View\{closure}()
 4 SYSTEMPATH\Common.php(1180): CodeIgniter\View\View->render('all_data', [], true)
 5 APPPATH\Controllers\Cost.php(68): view('all_data', [...])
 6 SYSTEMPATH\CodeIgniter.php(932): App\Controllers\Cost->datas()
 7 SYSTEMPATH\CodeIgniter.php(497): CodeIgniter\CodeIgniter->runController(Object(App\Controllers\Cost))
 8 SYSTEMPATH\CodeIgniter.php(366): CodeIgniter\CodeIgniter->handleRequest(null, Object(Config\Cache), false)
 9 FCPATH\index.php(67): CodeIgniter\CodeIgniter->run()
10 SYSTEMPATH\Commands\Server\rewrite.php(47): require_once('C:\\laragon\\www\\Cost_management\\public\\index.php')
CRITICAL - 2023-06-27 10:33:32 --> Undefined variable $all_income
in APPPATH\Views\all_data.php on line 34.
 1 APPPATH\Views\all_data.php(34): CodeIgniter\Debug\Exceptions->errorHandler(2, 'Undefined variable $all_income', 'C:\\laragon\\www\\Cost_management\\app\\Views\\all_data.php', 34)
 2 SYSTEMPATH\View\View.php(224): include('C:\\laragon\\www\\Cost_management\\app\\Views\\all_data.php')
 3 SYSTEMPATH\View\View.php(227): CodeIgniter\View\View->CodeIgniter\View\{closure}()
 4 SYSTEMPATH\Common.php(1180): CodeIgniter\View\View->render('all_data', [], true)
 5 APPPATH\Controllers\Cost.php(71): view('all_data', [...])
 6 SYSTEMPATH\CodeIgniter.php(932): App\Controllers\Cost->datas()
 7 SYSTEMPATH\CodeIgniter.php(497): CodeIgniter\CodeIgniter->runController(Object(App\Controllers\Cost))
 8 SYSTEMPATH\CodeIgniter.php(366): CodeIgniter\CodeIgniter->handleRequest(null, Object(Config\Cache), false)
 9 FCPATH\index.php(67): CodeIgniter\CodeIgniter->run()
10 SYSTEMPATH\Commands\Server\rewrite.php(47): require_once('C:\\laragon\\www\\Cost_management\\public\\index.php')
CRITICAL - 2023-06-27 10:34:22 --> Undefined variable $all_income
in APPPATH\Views\all_data.php on line 34.
 1 APPPATH\Views\all_data.php(34): CodeIgniter\Debug\Exceptions->errorHandler(2, 'Undefined variable $all_income', 'C:\\laragon\\www\\Cost_management\\app\\Views\\all_data.php', 34)
 2 SYSTEMPATH\View\View.php(224): include('C:\\laragon\\www\\Cost_management\\app\\Views\\all_data.php')
 3 SYSTEMPATH\View\View.php(227): CodeIgniter\View\View->CodeIgniter\View\{closure}()
 4 SYSTEMPATH\Common.php(1180): CodeIgniter\View\View->render('all_data', [], true)
 5 APPPATH\Controllers\Cost.php(71): view('all_data', [...])
 6 SYSTEMPATH\CodeIgniter.php(932): App\Controllers\Cost->datas()
 7 SYSTEMPATH\CodeIgniter.php(497): CodeIgniter\CodeIgniter->runController(Object(App\Controllers\Cost))
 8 SYSTEMPATH\CodeIgniter.php(366): CodeIgniter\CodeIgniter->handleRequest(null, Object(Config\Cache), false)
 9 FCPATH\index.php(67): CodeIgniter\CodeIgniter->run()
10 SYSTEMPATH\Commands\Server\rewrite.php(47): require_once('C:\\laragon\\www\\Cost_management\\public\\index.php')
CRITICAL - 2023-06-27 10:36:58 --> syntax error, unexpected variable "$all_income", expecting "," or ";"
in APPPATH\Views\all_data.php on line 35.
 1 SYSTEMPATH\View\View.php(227): CodeIgniter\View\View->CodeIgniter\View\{closure}()
 2 SYSTEMPATH\Common.php(1180): CodeIgniter\View\View->render('all_data', [], true)
 3 APPPATH\Controllers\Cost.php(71): view('all_data', [...])
 4 SYSTEMPATH\CodeIgniter.php(932): App\Controllers\Cost->datas()
 5 SYSTEMPATH\CodeIgniter.php(497): CodeIgniter\CodeIgniter->runController(Object(App\Controllers\Cost))
 6 SYSTEMPATH\CodeIgniter.php(366): CodeIgniter\CodeIgniter->handleRequest(null, Object(Config\Cache), false)
 7 FCPATH\index.php(67): CodeIgniter\CodeIgniter->run()
 8 SYSTEMPATH\Commands\Server\rewrite.php(47): require_once('C:\\laragon\\www\\Cost_management\\public\\index.php')
CRITICAL - 2023-06-27 10:37:13 --> Undefined variable $all_income
in APPPATH\Views\all_data.php on line 34.
 1 APPPATH\Views\all_data.php(34): CodeIgniter\Debug\Exceptions->errorHandler(2, 'Undefined variable $all_income', 'C:\\laragon\\www\\Cost_management\\app\\Views\\all_data.php', 34)
 2 SYSTEMPATH\View\View.php(224): include('C:\\laragon\\www\\Cost_management\\app\\Views\\all_data.php')
 3 SYSTEMPATH\View\View.php(227): CodeIgniter\View\View->CodeIgniter\View\{closure}()
 4 SYSTEMPATH\Common.php(1180): CodeIgniter\View\View->render('all_data', [], true)
 5 APPPATH\Controllers\Cost.php(71): view('all_data', [...])
 6 SYSTEMPATH\CodeIgniter.php(932): App\Controllers\Cost->datas()
 7 SYSTEMPATH\CodeIgniter.php(497): CodeIgniter\CodeIgniter->runController(Object(App\Controllers\Cost))
 8 SYSTEMPATH\CodeIgniter.php(366): CodeIgniter\CodeIgniter->handleRequest(null, Object(Config\Cache), false)
 9 FCPATH\index.php(67): CodeIgniter\CodeIgniter->run()
10 SYSTEMPATH\Commands\Server\rewrite.php(47): require_once('C:\\laragon\\www\\Cost_management\\public\\index.php')
CRITICAL - 2023-06-27 10:37:25 --> Undefined variable $all_income
in APPPATH\Views\all_data.php on line 34.
 1 APPPATH\Views\all_data.php(34): CodeIgniter\Debug\Exceptions->errorHandler(2, 'Undefined variable $all_income', 'C:\\laragon\\www\\Cost_management\\app\\Views\\all_data.php', 34)
 2 SYSTEMPATH\View\View.php(224): include('C:\\laragon\\www\\Cost_management\\app\\Views\\all_data.php')
 3 SYSTEMPATH\View\View.php(227): CodeIgniter\View\View->CodeIgniter\View\{closure}()
 4 SYSTEMPATH\Common.php(1180): CodeIgniter\View\View->render('all_data', [], true)
 5 APPPATH\Controllers\Cost.php(71): view('all_data', [...])
 6 SYSTEMPATH\CodeIgniter.php(932): App\Controllers\Cost->datas()
 7 SYSTEMPATH\CodeIgniter.php(497): CodeIgniter\CodeIgniter->runController(Object(App\Controllers\Cost))
 8 SYSTEMPATH\CodeIgniter.php(366): CodeIgniter\CodeIgniter->handleRequest(null, Object(Config\Cache), false)
 9 FCPATH\index.php(67): CodeIgniter\CodeIgniter->run()
10 SYSTEMPATH\Commands\Server\rewrite.php(47): require_once('C:\\laragon\\www\\Cost_management\\public\\index.php')
CRITICAL - 2023-06-27 10:39:21 --> Undefined variable $all_income
in APPPATH\Views\all_data.php on line 35.
 1 APPPATH\Views\all_data.php(35): CodeIgniter\Debug\Exceptions->errorHandler(2, 'Undefined variable $all_income', 'C:\\laragon\\www\\Cost_management\\app\\Views\\all_data.php', 35)
 2 SYSTEMPATH\View\View.php(224): include('C:\\laragon\\www\\Cost_management\\app\\Views\\all_data.php')
 3 SYSTEMPATH\View\View.php(227): CodeIgniter\View\View->CodeIgniter\View\{closure}()
 4 SYSTEMPATH\Common.php(1180): CodeIgniter\View\View->render('all_data', [], true)
 5 APPPATH\Controllers\Cost.php(71): view('all_data', [...])
 6 SYSTEMPATH\CodeIgniter.php(932): App\Controllers\Cost->datas()
 7 SYSTEMPATH\CodeIgniter.php(497): CodeIgniter\CodeIgniter->runController(Object(App\Controllers\Cost))
 8 SYSTEMPATH\CodeIgniter.php(366): CodeIgniter\CodeIgniter->handleRequest(null, Object(Config\Cache), false)
 9 FCPATH\index.php(67): CodeIgniter\CodeIgniter->run()
10 SYSTEMPATH\Commands\Server\rewrite.php(47): require_once('C:\\laragon\\www\\Cost_management\\public\\index.php')
CRITICAL - 2023-06-27 10:39:46 --> syntax error, unexpected token "var"
in APPPATH\Views\all_data.php on line 35.
 1 SYSTEMPATH\View\View.php(227): CodeIgniter\View\View->CodeIgniter\View\{closure}()
 2 SYSTEMPATH\Common.php(1180): CodeIgniter\View\View->render('all_data', [], true)
 3 APPPATH\Controllers\Cost.php(71): view('all_data', [...])
 4 SYSTEMPATH\CodeIgniter.php(932): App\Controllers\Cost->datas()
 5 SYSTEMPATH\CodeIgniter.php(497): CodeIgniter\CodeIgniter->runController(Object(App\Controllers\Cost))
 6 SYSTEMPATH\CodeIgniter.php(366): CodeIgniter\CodeIgniter->handleRequest(null, Object(Config\Cache), false)
 7 FCPATH\index.php(67): CodeIgniter\CodeIgniter->run()
 8 SYSTEMPATH\Commands\Server\rewrite.php(47): require_once('C:\\laragon\\www\\Cost_management\\public\\index.php')
CRITICAL - 2023-06-27 10:39:52 --> syntax error, unexpected token "var"
in APPPATH\Views\all_data.php on line 35.
 1 SYSTEMPATH\View\View.php(227): CodeIgniter\View\View->CodeIgniter\View\{closure}()
 2 SYSTEMPATH\Common.php(1180): CodeIgniter\View\View->render('all_data', [], true)
 3 APPPATH\Controllers\Cost.php(71): view('all_data', [...])
 4 SYSTEMPATH\CodeIgniter.php(932): App\Controllers\Cost->datas()
 5 SYSTEMPATH\CodeIgniter.php(497): CodeIgniter\CodeIgniter->runController(Object(App\Controllers\Cost))
 6 SYSTEMPATH\CodeIgniter.php(366): CodeIgniter\CodeIgniter->handleRequest(null, Object(Config\Cache), false)
 7 FCPATH\index.php(67): CodeIgniter\CodeIgniter->run()
 8 SYSTEMPATH\Commands\Server\rewrite.php(47): require_once('C:\\laragon\\www\\Cost_management\\public\\index.php')
CRITICAL - 2023-06-27 10:41:08 --> syntax error, unexpected token "var"
in APPPATH\Views\all_data.php on line 34.
 1 SYSTEMPATH\View\View.php(227): CodeIgniter\View\View->CodeIgniter\View\{closure}()
 2 SYSTEMPATH\Common.php(1180): CodeIgniter\View\View->render('all_data', [], true)
 3 APPPATH\Controllers\Cost.php(71): view('all_data', [...])
 4 SYSTEMPATH\CodeIgniter.php(932): App\Controllers\Cost->datas()
 5 SYSTEMPATH\CodeIgniter.php(497): CodeIgniter\CodeIgniter->runController(Object(App\Controllers\Cost))
 6 SYSTEMPATH\CodeIgniter.php(366): CodeIgniter\CodeIgniter->handleRequest(null, Object(Config\Cache), false)
 7 FCPATH\index.php(67): CodeIgniter\CodeIgniter->run()
 8 SYSTEMPATH\Commands\Server\rewrite.php(47): require_once('C:\\laragon\\www\\Cost_management\\public\\index.php')
CRITICAL - 2023-06-27 10:41:44 --> syntax error, unexpected token "var"
in APPPATH\Views\all_data.php on line 34.
 1 SYSTEMPATH\View\View.php(227): CodeIgniter\View\View->CodeIgniter\View\{closure}()
 2 SYSTEMPATH\Common.php(1180): CodeIgniter\View\View->render('all_data', [], true)
 3 APPPATH\Controllers\Cost.php(71): view('all_data', [...])
 4 SYSTEMPATH\CodeIgniter.php(932): App\Controllers\Cost->datas()
 5 SYSTEMPATH\CodeIgniter.php(497): CodeIgniter\CodeIgniter->runController(Object(App\Controllers\Cost))
 6 SYSTEMPATH\CodeIgniter.php(366): CodeIgniter\CodeIgniter->handleRequest(null, Object(Config\Cache), false)
 7 FCPATH\index.php(67): CodeIgniter\CodeIgniter->run()
 8 SYSTEMPATH\Commands\Server\rewrite.php(47): require_once('C:\\laragon\\www\\Cost_management\\public\\index.php')
CRITICAL - 2023-06-27 10:52:30 --> Array to string conversion
in APPPATH\Views\all_data.php on line 67.
 1 APPPATH\Views\all_data.php(67): CodeIgniter\Debug\Exceptions->errorHandler(2, 'Array to string conversion', 'C:\\laragon\\www\\Cost_management\\app\\Views\\all_data.php', 67)
 2 SYSTEMPATH\View\View.php(224): include('C:\\laragon\\www\\Cost_management\\app\\Views\\all_data.php')
 3 SYSTEMPATH\View\View.php(227): CodeIgniter\View\View->CodeIgniter\View\{closure}()
 4 SYSTEMPATH\Common.php(1180): CodeIgniter\View\View->render('all_data', [], true)
 5 APPPATH\Controllers\Cost.php(71): view('all_data', [...])
 6 SYSTEMPATH\CodeIgniter.php(932): App\Controllers\Cost->datas()
 7 SYSTEMPATH\CodeIgniter.php(497): CodeIgniter\CodeIgniter->runController(Object(App\Controllers\Cost))
 8 SYSTEMPATH\CodeIgniter.php(366): CodeIgniter\CodeIgniter->handleRequest(null, Object(Config\Cache), false)
 9 FCPATH\index.php(67): CodeIgniter\CodeIgniter->run()
10 SYSTEMPATH\Commands\Server\rewrite.php(47): require_once('C:\\laragon\\www\\Cost_management\\public\\index.php')
CRITICAL - 2023-06-27 10:52:33 --> Array to string conversion
in APPPATH\Views\all_data.php on line 67.
 1 APPPATH\Views\all_data.php(67): CodeIgniter\Debug\Exceptions->errorHandler(2, 'Array to string conversion', 'C:\\laragon\\www\\Cost_management\\app\\Views\\all_data.php', 67)
 2 SYSTEMPATH\View\View.php(224): include('C:\\laragon\\www\\Cost_management\\app\\Views\\all_data.php')
 3 SYSTEMPATH\View\View.php(227): CodeIgniter\View\View->CodeIgniter\View\{closure}()
 4 SYSTEMPATH\Common.php(1180): CodeIgniter\View\View->render('all_data', [], true)
 5 APPPATH\Controllers\Cost.php(71): view('all_data', [...])
 6 SYSTEMPATH\CodeIgniter.php(932): App\Controllers\Cost->datas()
 7 SYSTEMPATH\CodeIgniter.php(497): CodeIgniter\CodeIgniter->runController(Object(App\Controllers\Cost))
 8 SYSTEMPATH\CodeIgniter.php(366): CodeIgniter\CodeIgniter->handleRequest(null, Object(Config\Cache), false)
 9 FCPATH\index.php(67): CodeIgniter\CodeIgniter->run()
10 SYSTEMPATH\Commands\Server\rewrite.php(47): require_once('C:\\laragon\\www\\Cost_management\\public\\index.php')
CRITICAL - 2023-06-27 10:55:38 --> Undefined constant "App\Controllers\JSON"
in APPPATH\Controllers\Cost.php on line 77.
 1 SYSTEMPATH\CodeIgniter.php(932): App\Controllers\Cost->paymentFilter()
 2 SYSTEMPATH\CodeIgniter.php(497): CodeIgniter\CodeIgniter->runController(Object(App\Controllers\Cost))
 3 SYSTEMPATH\CodeIgniter.php(366): CodeIgniter\CodeIgniter->handleRequest(null, Object(Config\Cache), false)
 4 FCPATH\index.php(67): CodeIgniter\CodeIgniter->run()
 5 SYSTEMPATH\Commands\Server\rewrite.php(47): require_once('C:\\laragon\\www\\Cost_management\\public\\index.php')
CRITICAL - 2023-06-27 10:56:34 --> Undefined constant "App\Controllers\JSON"
in APPPATH\Controllers\Cost.php on line 77.
 1 SYSTEMPATH\CodeIgniter.php(932): App\Controllers\Cost->paymentFilter()
 2 SYSTEMPATH\CodeIgniter.php(497): CodeIgniter\CodeIgniter->runController(Object(App\Controllers\Cost))
 3 SYSTEMPATH\CodeIgniter.php(366): CodeIgniter\CodeIgniter->handleRequest(null, Object(Config\Cache), false)
 4 FCPATH\index.php(67): CodeIgniter\CodeIgniter->run()
 5 SYSTEMPATH\Commands\Server\rewrite.php(47): require_once('C:\\laragon\\www\\Cost_management\\public\\index.php')
CRITICAL - 2023-06-27 10:57:44 --> syntax error, unexpected identifier "dd"
in APPPATH\Controllers\Cost.php on line 79.
 1 SYSTEMPATH\Autoloader\Autoloader.php(289): CodeIgniter\Autoloader\Autoloader->includeFile('C:\\laragon\\www\\Cost_management\\app\\Controllers\\Cost.php')
 2 SYSTEMPATH\Autoloader\Autoloader.php(267): CodeIgniter\Autoloader\Autoloader->loadInNamespace('App\\Controllers\\Cost')
 3 [internal function]: CodeIgniter\Autoloader\Autoloader->loadClass('App\\Controllers\\Cost')
 4 SYSTEMPATH\CodeIgniter.php(890): class_exists('\\App\\Controllers\\Cost', true)
 5 SYSTEMPATH\CodeIgniter.php(484): CodeIgniter\CodeIgniter->startController()
 6 SYSTEMPATH\CodeIgniter.php(366): CodeIgniter\CodeIgniter->handleRequest(null, Object(Config\Cache), false)
 7 FCPATH\index.php(67): CodeIgniter\CodeIgniter->run()
 8 SYSTEMPATH\Commands\Server\rewrite.php(47): require_once('C:\\laragon\\www\\Cost_management\\public\\index.php')
CRITICAL - 2023-06-27 10:58:00 --> syntax error, unexpected token "return"
in APPPATH\Controllers\Cost.php on line 79.
 1 SYSTEMPATH\Autoloader\Autoloader.php(289): CodeIgniter\Autoloader\Autoloader->includeFile('C:\\laragon\\www\\Cost_management\\app\\Controllers\\Cost.php')
 2 SYSTEMPATH\Autoloader\Autoloader.php(267): CodeIgniter\Autoloader\Autoloader->loadInNamespace('App\\Controllers\\Cost')
 3 [internal function]: CodeIgniter\Autoloader\Autoloader->loadClass('App\\Controllers\\Cost')
 4 SYSTEMPATH\CodeIgniter.php(890): class_exists('\\App\\Controllers\\Cost', true)
 5 SYSTEMPATH\CodeIgniter.php(484): CodeIgniter\CodeIgniter->startController()
 6 SYSTEMPATH\CodeIgniter.php(366): CodeIgniter\CodeIgniter->handleRequest(null, Object(Config\Cache), false)
 7 FCPATH\index.php(67): CodeIgniter\CodeIgniter->run()
 8 SYSTEMPATH\Commands\Server\rewrite.php(47): require_once('C:\\laragon\\www\\Cost_management\\public\\index.php')
CRITICAL - 2023-06-27 10:58:03 --> syntax error, unexpected token "return"
in APPPATH\Controllers\Cost.php on line 79.
 1 SYSTEMPATH\Autoloader\Autoloader.php(289): CodeIgniter\Autoloader\Autoloader->includeFile('C:\\laragon\\www\\Cost_management\\app\\Controllers\\Cost.php')
 2 SYSTEMPATH\Autoloader\Autoloader.php(267): CodeIgniter\Autoloader\Autoloader->loadInNamespace('App\\Controllers\\Cost')
 3 [internal function]: CodeIgniter\Autoloader\Autoloader->loadClass('App\\Controllers\\Cost')
 4 SYSTEMPATH\CodeIgniter.php(890): class_exists('\\App\\Controllers\\Cost', true)
 5 SYSTEMPATH\CodeIgniter.php(484): CodeIgniter\CodeIgniter->startController()
 6 SYSTEMPATH\CodeIgniter.php(366): CodeIgniter\CodeIgniter->handleRequest(null, Object(Config\Cache), false)
 7 FCPATH\index.php(67): CodeIgniter\CodeIgniter->run()
 8 SYSTEMPATH\Commands\Server\rewrite.php(47): require_once('C:\\laragon\\www\\Cost_management\\public\\index.php')
CRITICAL - 2023-06-27 10:58:49 --> Undefined constant "App\Controllers\JSON"
in APPPATH\Controllers\Cost.php on line 77.
 1 SYSTEMPATH\CodeIgniter.php(932): App\Controllers\Cost->paymentFilter()
 2 SYSTEMPATH\CodeIgniter.php(497): CodeIgniter\CodeIgniter->runController(Object(App\Controllers\Cost))
 3 SYSTEMPATH\CodeIgniter.php(366): CodeIgniter\CodeIgniter->handleRequest(null, Object(Config\Cache), false)
 4 FCPATH\index.php(67): CodeIgniter\CodeIgniter->run()
 5 SYSTEMPATH\Commands\Server\rewrite.php(47): require_once('C:\\laragon\\www\\Cost_management\\public\\index.php')
CRITICAL - 2023-06-27 10:59:49 --> Array to string conversion
in APPPATH\Views\all_data.php on line 67.
 1 APPPATH\Views\all_data.php(67): CodeIgniter\Debug\Exceptions->errorHandler(2, 'Array to string conversion', 'C:\\laragon\\www\\Cost_management\\app\\Views\\all_data.php', 67)
 2 SYSTEMPATH\View\View.php(224): include('C:\\laragon\\www\\Cost_management\\app\\Views\\all_data.php')
 3 SYSTEMPATH\View\View.php(227): CodeIgniter\View\View->CodeIgniter\View\{closure}()
 4 SYSTEMPATH\Common.php(1180): CodeIgniter\View\View->render('all_data', [], true)
 5 APPPATH\Controllers\Cost.php(71): view('all_data', [...])
 6 SYSTEMPATH\CodeIgniter.php(932): App\Controllers\Cost->datas()
 7 SYSTEMPATH\CodeIgniter.php(497): CodeIgniter\CodeIgniter->runController(Object(App\Controllers\Cost))
 8 SYSTEMPATH\CodeIgniter.php(366): CodeIgniter\CodeIgniter->handleRequest(null, Object(Config\Cache), false)
 9 FCPATH\index.php(67): CodeIgniter\CodeIgniter->run()
10 SYSTEMPATH\Commands\Server\rewrite.php(47): require_once('C:\\laragon\\www\\Cost_management\\public\\index.php')
CRITICAL - 2023-06-27 10:59:57 --> Array to string conversion
in APPPATH\Views\all_data.php on line 67.
 1 APPPATH\Views\all_data.php(67): CodeIgniter\Debug\Exceptions->errorHandler(2, 'Array to string conversion', 'C:\\laragon\\www\\Cost_management\\app\\Views\\all_data.php', 67)
 2 SYSTEMPATH\View\View.php(224): include('C:\\laragon\\www\\Cost_management\\app\\Views\\all_data.php')
 3 SYSTEMPATH\View\View.php(227): CodeIgniter\View\View->CodeIgniter\View\{closure}()
 4 SYSTEMPATH\Common.php(1180): CodeIgniter\View\View->render('all_data', [], true)
 5 APPPATH\Controllers\Cost.php(71): view('all_data', [...])
 6 SYSTEMPATH\CodeIgniter.php(932): App\Controllers\Cost->datas()
 7 SYSTEMPATH\CodeIgniter.php(497): CodeIgniter\CodeIgniter->runController(Object(App\Controllers\Cost))
 8 SYSTEMPATH\CodeIgniter.php(366): CodeIgniter\CodeIgniter->handleRequest(null, Object(Config\Cache), false)
 9 FCPATH\index.php(67): CodeIgniter\CodeIgniter->run()
10 SYSTEMPATH\Commands\Server\rewrite.php(47): require_once('C:\\laragon\\www\\Cost_management\\public\\index.php')
CRITICAL - 2023-06-27 11:09:14 --> Call to a member function where() on array
in APPPATH\Controllers\Cost.php on line 78.
 1 SYSTEMPATH\CodeIgniter.php(932): App\Controllers\Cost->paymentFilter()
 2 SYSTEMPATH\CodeIgniter.php(497): CodeIgniter\CodeIgniter->runController(Object(App\Controllers\Cost))
 3 SYSTEMPATH\CodeIgniter.php(366): CodeIgniter\CodeIgniter->handleRequest(null, Object(Config\Cache), false)
 4 FCPATH\index.php(67): CodeIgniter\CodeIgniter->run()
 5 SYSTEMPATH\Commands\Server\rewrite.php(47): require_once('C:\\laragon\\www\\Cost_management\\public\\index.php')
CRITICAL - 2023-06-27 11:09:45 --> Call to a member function where() on array
in APPPATH\Controllers\Cost.php on line 78.
 1 SYSTEMPATH\CodeIgniter.php(932): App\Controllers\Cost->paymentFilter()
 2 SYSTEMPATH\CodeIgniter.php(497): CodeIgniter\CodeIgniter->runController(Object(App\Controllers\Cost))
 3 SYSTEMPATH\CodeIgniter.php(366): CodeIgniter\CodeIgniter->handleRequest(null, Object(Config\Cache), false)
 4 FCPATH\index.php(67): CodeIgniter\CodeIgniter->run()
 5 SYSTEMPATH\Commands\Server\rewrite.php(47): require_once('C:\\laragon\\www\\Cost_management\\public\\index.php')
CRITICAL - 2023-06-27 11:09:46 --> Call to a member function where() on array
in APPPATH\Controllers\Cost.php on line 78.
 1 SYSTEMPATH\CodeIgniter.php(932): App\Controllers\Cost->paymentFilter()
 2 SYSTEMPATH\CodeIgniter.php(497): CodeIgniter\CodeIgniter->runController(Object(App\Controllers\Cost))
 3 SYSTEMPATH\CodeIgniter.php(366): CodeIgniter\CodeIgniter->handleRequest(null, Object(Config\Cache), false)
 4 FCPATH\index.php(67): CodeIgniter\CodeIgniter->run()
 5 SYSTEMPATH\Commands\Server\rewrite.php(47): require_once('C:\\laragon\\www\\Cost_management\\public\\index.php')
ERROR - 2023-06-27 11:23:10 --> mysqli_sql_exception: Column 'name' cannot be null in C:\laragon\www\Cost_management\system\Database\MySQLi\Connection.php:295
Stack trace:
#0 C:\laragon\www\Cost_management\system\Database\MySQLi\Connection.php(295): mysqli->query('INSERT INTO `cu...', 0)
#1 C:\laragon\www\Cost_management\system\Database\BaseConnection.php(692): CodeIgniter\Database\MySQLi\Connection->execute('INSERT INTO `cu...')
#2 C:\laragon\www\Cost_management\system\Database\BaseConnection.php(606): CodeIgniter\Database\BaseConnection->simpleQuery('INSERT INTO `cu...')
#3 C:\laragon\www\Cost_management\system\Database\BaseBuilder.php(2309): CodeIgniter\Database\BaseConnection->query('INSERT INTO `cu...', Array, false)
#4 C:\laragon\www\Cost_management\system\Model.php(330): CodeIgniter\Database\BaseBuilder->insert()
#5 C:\laragon\www\Cost_management\system\BaseModel.php(782): CodeIgniter\Model->doInsert(Array)
#6 C:\laragon\www\Cost_management\system\Model.php(730): CodeIgniter\BaseModel->insert(Array, true)
#7 C:\laragon\www\Cost_management\app\Controllers\Cost.php(35): CodeIgniter\Model->insert(Array)
#8 C:\laragon\www\Cost_management\system\CodeIgniter.php(932): App\Controllers\Cost->currencySend()
#9 C:\laragon\www\Cost_management\system\CodeIgniter.php(497): CodeIgniter\CodeIgniter->runController(Object(App\Controllers\Cost))
#10 C:\laragon\www\Cost_management\system\CodeIgniter.php(366): CodeIgniter\CodeIgniter->handleRequest(NULL, Object(Config\Cache), false)
#11 C:\laragon\www\Cost_management\public\index.php(67): CodeIgniter\CodeIgniter->run()
#12 C:\laragon\www\Cost_management\system\Commands\Server\rewrite.php(47): require_once('C:\\laragon\\www\\...')
#13 {main}
CRITICAL - 2023-06-27 11:23:10 --> Column 'name' cannot be null
in SYSTEMPATH\Database\MySQLi\Connection.php on line 295.
 1 SYSTEMPATH\Database\MySQLi\Connection.php(295): mysqli->query('INSERT INTO `currency` (`name`) VALUES (NULL)', 0)
 2 SYSTEMPATH\Database\BaseConnection.php(692): CodeIgniter\Database\MySQLi\Connection->execute('INSERT INTO `currency` (`name`) VALUES (NULL)')
 3 SYSTEMPATH\Database\BaseConnection.php(606): CodeIgniter\Database\BaseConnection->simpleQuery('INSERT INTO `currency` (`name`) VALUES (NULL)')
 4 SYSTEMPATH\Database\BaseBuilder.php(2309): CodeIgniter\Database\BaseConnection->query('INSERT INTO `currency` (`name`) VALUES (:name:)', [...], false)
 5 SYSTEMPATH\Model.php(330): CodeIgniter\Database\BaseBuilder->insert()
 6 SYSTEMPATH\BaseModel.php(782): CodeIgniter\Model->doInsert([...])
 7 SYSTEMPATH\Model.php(730): CodeIgniter\BaseModel->insert([...], true)
 8 APPPATH\Controllers\Cost.php(35): CodeIgniter\Model->insert([...])
 9 SYSTEMPATH\CodeIgniter.php(932): App\Controllers\Cost->currencySend()
10 SYSTEMPATH\CodeIgniter.php(497): CodeIgniter\CodeIgniter->runController(Object(App\Controllers\Cost))
11 SYSTEMPATH\CodeIgniter.php(366): CodeIgniter\CodeIgniter->handleRequest(null, Object(Config\Cache), false)
12 FCPATH\index.php(67): CodeIgniter\CodeIgniter->run()
13 SYSTEMPATH\Commands\Server\rewrite.php(47): require_once('C:\\laragon\\www\\Cost_management\\public\\index.php')
ERROR - 2023-06-27 11:23:11 --> mysqli_sql_exception: Column 'name' cannot be null in C:\laragon\www\Cost_management\system\Database\MySQLi\Connection.php:295
Stack trace:
#0 C:\laragon\www\Cost_management\system\Database\MySQLi\Connection.php(295): mysqli->query('INSERT INTO `cu...', 0)
#1 C:\laragon\www\Cost_management\system\Database\BaseConnection.php(692): CodeIgniter\Database\MySQLi\Connection->execute('INSERT INTO `cu...')
#2 C:\laragon\www\Cost_management\system\Database\BaseConnection.php(606): CodeIgniter\Database\BaseConnection->simpleQuery('INSERT INTO `cu...')
#3 C:\laragon\www\Cost_management\system\Database\BaseBuilder.php(2309): CodeIgniter\Database\BaseConnection->query('INSERT INTO `cu...', Array, false)
#4 C:\laragon\www\Cost_management\system\Model.php(330): CodeIgniter\Database\BaseBuilder->insert()
#5 C:\laragon\www\Cost_management\system\BaseModel.php(782): CodeIgniter\Model->doInsert(Array)
#6 C:\laragon\www\Cost_management\system\Model.php(730): CodeIgniter\BaseModel->insert(Array, true)
#7 C:\laragon\www\Cost_management\app\Controllers\Cost.php(35): CodeIgniter\Model->insert(Array)
#8 C:\laragon\www\Cost_management\system\CodeIgniter.php(932): App\Controllers\Cost->currencySend()
#9 C:\laragon\www\Cost_management\system\CodeIgniter.php(497): CodeIgniter\CodeIgniter->runController(Object(App\Controllers\Cost))
#10 C:\laragon\www\Cost_management\system\CodeIgniter.php(366): CodeIgniter\CodeIgniter->handleRequest(NULL, Object(Config\Cache), false)
#11 C:\laragon\www\Cost_management\public\index.php(67): CodeIgniter\CodeIgniter->run()
#12 C:\laragon\www\Cost_management\system\Commands\Server\rewrite.php(47): require_once('C:\\laragon\\www\\...')
#13 {main}
CRITICAL - 2023-06-27 11:23:11 --> Column 'name' cannot be null
in SYSTEMPATH\Database\MySQLi\Connection.php on line 295.
 1 SYSTEMPATH\Database\MySQLi\Connection.php(295): mysqli->query('INSERT INTO `currency` (`name`) VALUES (NULL)', 0)
 2 SYSTEMPATH\Database\BaseConnection.php(692): CodeIgniter\Database\MySQLi\Connection->execute('INSERT INTO `currency` (`name`) VALUES (NULL)')
 3 SYSTEMPATH\Database\BaseConnection.php(606): CodeIgniter\Database\BaseConnection->simpleQuery('INSERT INTO `currency` (`name`) VALUES (NULL)')
 4 SYSTEMPATH\Database\BaseBuilder.php(2309): CodeIgniter\Database\BaseConnection->query('INSERT INTO `currency` (`name`) VALUES (:name:)', [...], false)
 5 SYSTEMPATH\Model.php(330): CodeIgniter\Database\BaseBuilder->insert()
 6 SYSTEMPATH\BaseModel.php(782): CodeIgniter\Model->doInsert([...])
 7 SYSTEMPATH\Model.php(730): CodeIgniter\BaseModel->insert([...], true)
 8 APPPATH\Controllers\Cost.php(35): CodeIgniter\Model->insert([...])
 9 SYSTEMPATH\CodeIgniter.php(932): App\Controllers\Cost->currencySend()
10 SYSTEMPATH\CodeIgniter.php(497): CodeIgniter\CodeIgniter->runController(Object(App\Controllers\Cost))
11 SYSTEMPATH\CodeIgniter.php(366): CodeIgniter\CodeIgniter->handleRequest(null, Object(Config\Cache), false)
12 FCPATH\index.php(67): CodeIgniter\CodeIgniter->run()
13 SYSTEMPATH\Commands\Server\rewrite.php(47): require_once('C:\\laragon\\www\\Cost_management\\public\\index.php')
ERROR - 2023-06-27 11:23:51 --> mysqli_sql_exception: Column 'name' cannot be null in C:\laragon\www\Cost_management\system\Database\MySQLi\Connection.php:295
Stack trace:
#0 C:\laragon\www\Cost_management\system\Database\MySQLi\Connection.php(295): mysqli->query('INSERT INTO `cu...', 0)
#1 C:\laragon\www\Cost_management\system\Database\BaseConnection.php(692): CodeIgniter\Database\MySQLi\Connection->execute('INSERT INTO `cu...')
#2 C:\laragon\www\Cost_management\system\Database\BaseConnection.php(606): CodeIgniter\Database\BaseConnection->simpleQuery('INSERT INTO `cu...')
#3 C:\laragon\www\Cost_management\system\Database\BaseBuilder.php(2309): CodeIgniter\Database\BaseConnection->query('INSERT INTO `cu...', Array, false)
#4 C:\laragon\www\Cost_management\system\Model.php(330): CodeIgniter\Database\BaseBuilder->insert()
#5 C:\laragon\www\Cost_management\system\BaseModel.php(782): CodeIgniter\Model->doInsert(Array)
#6 C:\laragon\www\Cost_management\system\Model.php(730): CodeIgniter\BaseModel->insert(Array, true)
#7 C:\laragon\www\Cost_management\app\Controllers\Cost.php(35): CodeIgniter\Model->insert(Array)
#8 C:\laragon\www\Cost_management\system\CodeIgniter.php(932): App\Controllers\Cost->currencySend()
#9 C:\laragon\www\Cost_management\system\CodeIgniter.php(497): CodeIgniter\CodeIgniter->runController(Object(App\Controllers\Cost))
#10 C:\laragon\www\Cost_management\system\CodeIgniter.php(366): CodeIgniter\CodeIgniter->handleRequest(NULL, Object(Config\Cache), false)
#11 C:\laragon\www\Cost_management\public\index.php(67): CodeIgniter\CodeIgniter->run()
#12 C:\laragon\www\Cost_management\system\Commands\Server\rewrite.php(47): require_once('C:\\laragon\\www\\...')
#13 {main}
CRITICAL - 2023-06-27 11:23:51 --> Column 'name' cannot be null
in SYSTEMPATH\Database\MySQLi\Connection.php on line 295.
 1 SYSTEMPATH\Database\MySQLi\Connection.php(295): mysqli->query('INSERT INTO `currency` (`name`) VALUES (NULL)', 0)
 2 SYSTEMPATH\Database\BaseConnection.php(692): CodeIgniter\Database\MySQLi\Connection->execute('INSERT INTO `currency` (`name`) VALUES (NULL)')
 3 SYSTEMPATH\Database\BaseConnection.php(606): CodeIgniter\Database\BaseConnection->simpleQuery('INSERT INTO `currency` (`name`) VALUES (NULL)')
 4 SYSTEMPATH\Database\BaseBuilder.php(2309): CodeIgniter\Database\BaseConnection->query('INSERT INTO `currency` (`name`) VALUES (:name:)', [...], false)
 5 SYSTEMPATH\Model.php(330): CodeIgniter\Database\BaseBuilder->insert()
 6 SYSTEMPATH\BaseModel.php(782): CodeIgniter\Model->doInsert([...])
 7 SYSTEMPATH\Model.php(730): CodeIgniter\BaseModel->insert([...], true)
 8 APPPATH\Controllers\Cost.php(35): CodeIgniter\Model->insert([...])
 9 SYSTEMPATH\CodeIgniter.php(932): App\Controllers\Cost->currencySend()
10 SYSTEMPATH\CodeIgniter.php(497): CodeIgniter\CodeIgniter->runController(Object(App\Controllers\Cost))
11 SYSTEMPATH\CodeIgniter.php(366): CodeIgniter\CodeIgniter->handleRequest(null, Object(Config\Cache), false)
12 FCPATH\index.php(67): CodeIgniter\CodeIgniter->run()
13 SYSTEMPATH\Commands\Server\rewrite.php(47): require_once('C:\\laragon\\www\\Cost_management\\public\\index.php')
ERROR - 2023-06-27 11:23:53 --> mysqli_sql_exception: Column 'name' cannot be null in C:\laragon\www\Cost_management\system\Database\MySQLi\Connection.php:295
Stack trace:
#0 C:\laragon\www\Cost_management\system\Database\MySQLi\Connection.php(295): mysqli->query('INSERT INTO `cu...', 0)
#1 C:\laragon\www\Cost_management\system\Database\BaseConnection.php(692): CodeIgniter\Database\MySQLi\Connection->execute('INSERT INTO `cu...')
#2 C:\laragon\www\Cost_management\system\Database\BaseConnection.php(606): CodeIgniter\Database\BaseConnection->simpleQuery('INSERT INTO `cu...')
#3 C:\laragon\www\Cost_management\system\Database\BaseBuilder.php(2309): CodeIgniter\Database\BaseConnection->query('INSERT INTO `cu...', Array, false)
#4 C:\laragon\www\Cost_management\system\Model.php(330): CodeIgniter\Database\BaseBuilder->insert()
#5 C:\laragon\www\Cost_management\system\BaseModel.php(782): CodeIgniter\Model->doInsert(Array)
#6 C:\laragon\www\Cost_management\system\Model.php(730): CodeIgniter\BaseModel->insert(Array, true)
#7 C:\laragon\www\Cost_management\app\Controllers\Cost.php(35): CodeIgniter\Model->insert(Array)
#8 C:\laragon\www\Cost_management\system\CodeIgniter.php(932): App\Controllers\Cost->currencySend()
#9 C:\laragon\www\Cost_management\system\CodeIgniter.php(497): CodeIgniter\CodeIgniter->runController(Object(App\Controllers\Cost))
#10 C:\laragon\www\Cost_management\system\CodeIgniter.php(366): CodeIgniter\CodeIgniter->handleRequest(NULL, Object(Config\Cache), false)
#11 C:\laragon\www\Cost_management\public\index.php(67): CodeIgniter\CodeIgniter->run()
#12 C:\laragon\www\Cost_management\system\Commands\Server\rewrite.php(47): require_once('C:\\laragon\\www\\...')
#13 {main}
CRITICAL - 2023-06-27 11:23:53 --> Column 'name' cannot be null
in SYSTEMPATH\Database\MySQLi\Connection.php on line 295.
 1 SYSTEMPATH\Database\MySQLi\Connection.php(295): mysqli->query('INSERT INTO `currency` (`name`) VALUES (NULL)', 0)
 2 SYSTEMPATH\Database\BaseConnection.php(692): CodeIgniter\Database\MySQLi\Connection->execute('INSERT INTO `currency` (`name`) VALUES (NULL)')
 3 SYSTEMPATH\Database\BaseConnection.php(606): CodeIgniter\Database\BaseConnection->simpleQuery('INSERT INTO `currency` (`name`) VALUES (NULL)')
 4 SYSTEMPATH\Database\BaseBuilder.php(2309): CodeIgniter\Database\BaseConnection->query('INSERT INTO `currency` (`name`) VALUES (:name:)', [...], false)
 5 SYSTEMPATH\Model.php(330): CodeIgniter\Database\BaseBuilder->insert()
 6 SYSTEMPATH\BaseModel.php(782): CodeIgniter\Model->doInsert([...])
 7 SYSTEMPATH\Model.php(730): CodeIgniter\BaseModel->insert([...], true)
 8 APPPATH\Controllers\Cost.php(35): CodeIgniter\Model->insert([...])
 9 SYSTEMPATH\CodeIgniter.php(932): App\Controllers\Cost->currencySend()
10 SYSTEMPATH\CodeIgniter.php(497): CodeIgniter\CodeIgniter->runController(Object(App\Controllers\Cost))
11 SYSTEMPATH\CodeIgniter.php(366): CodeIgniter\CodeIgniter->handleRequest(null, Object(Config\Cache), false)
12 FCPATH\index.php(67): CodeIgniter\CodeIgniter->run()
13 SYSTEMPATH\Commands\Server\rewrite.php(47): require_once('C:\\laragon\\www\\Cost_management\\public\\index.php')
ERROR - 2023-06-27 11:25:42 --> mysqli_sql_exception: Column 'name' cannot be null in C:\laragon\www\Cost_management\system\Database\MySQLi\Connection.php:295
Stack trace:
#0 C:\laragon\www\Cost_management\system\Database\MySQLi\Connection.php(295): mysqli->query('INSERT INTO `cu...', 0)
#1 C:\laragon\www\Cost_management\system\Database\BaseConnection.php(692): CodeIgniter\Database\MySQLi\Connection->execute('INSERT INTO `cu...')
#2 C:\laragon\www\Cost_management\system\Database\BaseConnection.php(606): CodeIgniter\Database\BaseConnection->simpleQuery('INSERT INTO `cu...')
#3 C:\laragon\www\Cost_management\system\Database\BaseBuilder.php(2309): CodeIgniter\Database\BaseConnection->query('INSERT INTO `cu...', Array, false)
#4 C:\laragon\www\Cost_management\system\Model.php(330): CodeIgniter\Database\BaseBuilder->insert()
#5 C:\laragon\www\Cost_management\system\BaseModel.php(782): CodeIgniter\Model->doInsert(Array)
#6 C:\laragon\www\Cost_management\system\Model.php(730): CodeIgniter\BaseModel->insert(Array, true)
#7 C:\laragon\www\Cost_management\app\Controllers\Cost.php(35): CodeIgniter\Model->insert(Array)
#8 C:\laragon\www\Cost_management\system\CodeIgniter.php(932): App\Controllers\Cost->currencySend()
#9 C:\laragon\www\Cost_management\system\CodeIgniter.php(497): CodeIgniter\CodeIgniter->runController(Object(App\Controllers\Cost))
#10 C:\laragon\www\Cost_management\system\CodeIgniter.php(366): CodeIgniter\CodeIgniter->handleRequest(NULL, Object(Config\Cache), false)
#11 C:\laragon\www\Cost_management\public\index.php(67): CodeIgniter\CodeIgniter->run()
#12 C:\laragon\www\Cost_management\system\Commands\Server\rewrite.php(47): require_once('C:\\laragon\\www\\...')
#13 {main}
CRITICAL - 2023-06-27 11:25:42 --> Column 'name' cannot be null
in SYSTEMPATH\Database\MySQLi\Connection.php on line 295.
 1 SYSTEMPATH\Database\MySQLi\Connection.php(295): mysqli->query('INSERT INTO `currency` (`name`) VALUES (NULL)', 0)
 2 SYSTEMPATH\Database\BaseConnection.php(692): CodeIgniter\Database\MySQLi\Connection->execute('INSERT INTO `currency` (`name`) VALUES (NULL)')
 3 SYSTEMPATH\Database\BaseConnection.php(606): CodeIgniter\Database\BaseConnection->simpleQuery('INSERT INTO `currency` (`name`) VALUES (NULL)')
 4 SYSTEMPATH\Database\BaseBuilder.php(2309): CodeIgniter\Database\BaseConnection->query('INSERT INTO `currency` (`name`) VALUES (:name:)', [...], false)
 5 SYSTEMPATH\Model.php(330): CodeIgniter\Database\BaseBuilder->insert()
 6 SYSTEMPATH\BaseModel.php(782): CodeIgniter\Model->doInsert([...])
 7 SYSTEMPATH\Model.php(730): CodeIgniter\BaseModel->insert([...], true)
 8 APPPATH\Controllers\Cost.php(35): CodeIgniter\Model->insert([...])
 9 SYSTEMPATH\CodeIgniter.php(932): App\Controllers\Cost->currencySend()
10 SYSTEMPATH\CodeIgniter.php(497): CodeIgniter\CodeIgniter->runController(Object(App\Controllers\Cost))
11 SYSTEMPATH\CodeIgniter.php(366): CodeIgniter\CodeIgniter->handleRequest(null, Object(Config\Cache), false)
12 FCPATH\index.php(67): CodeIgniter\CodeIgniter->run()
13 SYSTEMPATH\Commands\Server\rewrite.php(47): require_once('C:\\laragon\\www\\Cost_management\\public\\index.php')
ERROR - 2023-06-27 11:26:39 --> mysqli_sql_exception: Column 'name' cannot be null in C:\laragon\www\Cost_management\system\Database\MySQLi\Connection.php:295
Stack trace:
#0 C:\laragon\www\Cost_management\system\Database\MySQLi\Connection.php(295): mysqli->query('INSERT INTO `cu...', 0)
#1 C:\laragon\www\Cost_management\system\Database\BaseConnection.php(692): CodeIgniter\Database\MySQLi\Connection->execute('INSERT INTO `cu...')
#2 C:\laragon\www\Cost_management\system\Database\BaseConnection.php(606): CodeIgniter\Database\BaseConnection->simpleQuery('INSERT INTO `cu...')
#3 C:\laragon\www\Cost_management\system\Database\BaseBuilder.php(2309): CodeIgniter\Database\BaseConnection->query('INSERT INTO `cu...', Array, false)
#4 C:\laragon\www\Cost_management\system\Model.php(330): CodeIgniter\Database\BaseBuilder->insert()
#5 C:\laragon\www\Cost_management\system\BaseModel.php(782): CodeIgniter\Model->doInsert(Array)
#6 C:\laragon\www\Cost_management\system\Model.php(730): CodeIgniter\BaseModel->insert(Array, true)
#7 C:\laragon\www\Cost_management\app\Controllers\Cost.php(35): CodeIgniter\Model->insert(Array)
#8 C:\laragon\www\Cost_management\system\CodeIgniter.php(932): App\Controllers\Cost->currencySend()
#9 C:\laragon\www\Cost_management\system\CodeIgniter.php(497): CodeIgniter\CodeIgniter->runController(Object(App\Controllers\Cost))
#10 C:\laragon\www\Cost_management\system\CodeIgniter.php(366): CodeIgniter\CodeIgniter->handleRequest(NULL, Object(Config\Cache), false)
#11 C:\laragon\www\Cost_management\public\index.php(67): CodeIgniter\CodeIgniter->run()
#12 C:\laragon\www\Cost_management\system\Commands\Server\rewrite.php(47): require_once('C:\\laragon\\www\\...')
#13 {main}
CRITICAL - 2023-06-27 11:26:39 --> Column 'name' cannot be null
in SYSTEMPATH\Database\MySQLi\Connection.php on line 295.
 1 SYSTEMPATH\Database\MySQLi\Connection.php(295): mysqli->query('INSERT INTO `currency` (`name`) VALUES (NULL)', 0)
 2 SYSTEMPATH\Database\BaseConnection.php(692): CodeIgniter\Database\MySQLi\Connection->execute('INSERT INTO `currency` (`name`) VALUES (NULL)')
 3 SYSTEMPATH\Database\BaseConnection.php(606): CodeIgniter\Database\BaseConnection->simpleQuery('INSERT INTO `currency` (`name`) VALUES (NULL)')
 4 SYSTEMPATH\Database\BaseBuilder.php(2309): CodeIgniter\Database\BaseConnection->query('INSERT INTO `currency` (`name`) VALUES (:name:)', [...], false)
 5 SYSTEMPATH\Model.php(330): CodeIgniter\Database\BaseBuilder->insert()
 6 SYSTEMPATH\BaseModel.php(782): CodeIgniter\Model->doInsert([...])
 7 SYSTEMPATH\Model.php(730): CodeIgniter\BaseModel->insert([...], true)
 8 APPPATH\Controllers\Cost.php(35): CodeIgniter\Model->insert([...])
 9 SYSTEMPATH\CodeIgniter.php(932): App\Controllers\Cost->currencySend()
10 SYSTEMPATH\CodeIgniter.php(497): CodeIgniter\CodeIgniter->runController(Object(App\Controllers\Cost))
11 SYSTEMPATH\CodeIgniter.php(366): CodeIgniter\CodeIgniter->handleRequest(null, Object(Config\Cache), false)
12 FCPATH\index.php(67): CodeIgniter\CodeIgniter->run()
13 SYSTEMPATH\Commands\Server\rewrite.php(47): require_once('C:\\laragon\\www\\Cost_management\\public\\index.php')
ERROR - 2023-06-27 11:28:05 --> mysqli_sql_exception: Column 'name' cannot be null in C:\laragon\www\Cost_management\system\Database\MySQLi\Connection.php:295
Stack trace:
#0 C:\laragon\www\Cost_management\system\Database\MySQLi\Connection.php(295): mysqli->query('INSERT INTO `cu...', 0)
#1 C:\laragon\www\Cost_management\system\Database\BaseConnection.php(692): CodeIgniter\Database\MySQLi\Connection->execute('INSERT INTO `cu...')
#2 C:\laragon\www\Cost_management\system\Database\BaseConnection.php(606): CodeIgniter\Database\BaseConnection->simpleQuery('INSERT INTO `cu...')
#3 C:\laragon\www\Cost_management\system\Database\BaseBuilder.php(2309): CodeIgniter\Database\BaseConnection->query('INSERT INTO `cu...', Array, false)
#4 C:\laragon\www\Cost_management\system\Model.php(330): CodeIgniter\Database\BaseBuilder->insert()
#5 C:\laragon\www\Cost_management\system\BaseModel.php(782): CodeIgniter\Model->doInsert(Array)
#6 C:\laragon\www\Cost_management\system\Model.php(730): CodeIgniter\BaseModel->insert(Array, true)
#7 C:\laragon\www\Cost_management\app\Controllers\Cost.php(35): CodeIgniter\Model->insert(Array)
#8 C:\laragon\www\Cost_management\system\CodeIgniter.php(932): App\Controllers\Cost->currencySend()
#9 C:\laragon\www\Cost_management\system\CodeIgniter.php(497): CodeIgniter\CodeIgniter->runController(Object(App\Controllers\Cost))
#10 C:\laragon\www\Cost_management\system\CodeIgniter.php(366): CodeIgniter\CodeIgniter->handleRequest(NULL, Object(Config\Cache), false)
#11 C:\laragon\www\Cost_management\public\index.php(67): CodeIgniter\CodeIgniter->run()
#12 C:\laragon\www\Cost_management\system\Commands\Server\rewrite.php(47): require_once('C:\\laragon\\www\\...')
#13 {main}
CRITICAL - 2023-06-27 11:28:05 --> Column 'name' cannot be null
in SYSTEMPATH\Database\MySQLi\Connection.php on line 295.
 1 SYSTEMPATH\Database\MySQLi\Connection.php(295): mysqli->query('INSERT INTO `currency` (`name`) VALUES (NULL)', 0)
 2 SYSTEMPATH\Database\BaseConnection.php(692): CodeIgniter\Database\MySQLi\Connection->execute('INSERT INTO `currency` (`name`) VALUES (NULL)')
 3 SYSTEMPATH\Database\BaseConnection.php(606): CodeIgniter\Database\BaseConnection->simpleQuery('INSERT INTO `currency` (`name`) VALUES (NULL)')
 4 SYSTEMPATH\Database\BaseBuilder.php(2309): CodeIgniter\Database\BaseConnection->query('INSERT INTO `currency` (`name`) VALUES (:name:)', [...], false)
 5 SYSTEMPATH\Model.php(330): CodeIgniter\Database\BaseBuilder->insert()
 6 SYSTEMPATH\BaseModel.php(782): CodeIgniter\Model->doInsert([...])
 7 SYSTEMPATH\Model.php(730): CodeIgniter\BaseModel->insert([...], true)
 8 APPPATH\Controllers\Cost.php(35): CodeIgniter\Model->insert([...])
 9 SYSTEMPATH\CodeIgniter.php(932): App\Controllers\Cost->currencySend()
10 SYSTEMPATH\CodeIgniter.php(497): CodeIgniter\CodeIgniter->runController(Object(App\Controllers\Cost))
11 SYSTEMPATH\CodeIgniter.php(366): CodeIgniter\CodeIgniter->handleRequest(null, Object(Config\Cache), false)
12 FCPATH\index.php(67): CodeIgniter\CodeIgniter->run()
13 SYSTEMPATH\Commands\Server\rewrite.php(47): require_once('C:\\laragon\\www\\Cost_management\\public\\index.php')
ERROR - 2023-06-27 11:29:21 --> mysqli_sql_exception: Column 'name' cannot be null in C:\laragon\www\Cost_management\system\Database\MySQLi\Connection.php:295
Stack trace:
#0 C:\laragon\www\Cost_management\system\Database\MySQLi\Connection.php(295): mysqli->query('INSERT INTO `cu...', 0)
#1 C:\laragon\www\Cost_management\system\Database\BaseConnection.php(692): CodeIgniter\Database\MySQLi\Connection->execute('INSERT INTO `cu...')
#2 C:\laragon\www\Cost_management\system\Database\BaseConnection.php(606): CodeIgniter\Database\BaseConnection->simpleQuery('INSERT INTO `cu...')
#3 C:\laragon\www\Cost_management\system\Database\BaseBuilder.php(2309): CodeIgniter\Database\BaseConnection->query('INSERT INTO `cu...', Array, false)
#4 C:\laragon\www\Cost_management\system\Model.php(330): CodeIgniter\Database\BaseBuilder->insert()
#5 C:\laragon\www\Cost_management\system\BaseModel.php(782): CodeIgniter\Model->doInsert(Array)
#6 C:\laragon\www\Cost_management\system\Model.php(730): CodeIgniter\BaseModel->insert(Array, true)
#7 C:\laragon\www\Cost_management\app\Controllers\Cost.php(35): CodeIgniter\Model->insert(Array)
#8 C:\laragon\www\Cost_management\system\CodeIgniter.php(932): App\Controllers\Cost->currencySend()
#9 C:\laragon\www\Cost_management\system\CodeIgniter.php(497): CodeIgniter\CodeIgniter->runController(Object(App\Controllers\Cost))
#10 C:\laragon\www\Cost_management\system\CodeIgniter.php(366): CodeIgniter\CodeIgniter->handleRequest(NULL, Object(Config\Cache), false)
#11 C:\laragon\www\Cost_management\public\index.php(67): CodeIgniter\CodeIgniter->run()
#12 C:\laragon\www\Cost_management\system\Commands\Server\rewrite.php(47): require_once('C:\\laragon\\www\\...')
#13 {main}
CRITICAL - 2023-06-27 11:29:21 --> Column 'name' cannot be null
in SYSTEMPATH\Database\MySQLi\Connection.php on line 295.
 1 SYSTEMPATH\Database\MySQLi\Connection.php(295): mysqli->query('INSERT INTO `currency` (`name`) VALUES (NULL)', 0)
 2 SYSTEMPATH\Database\BaseConnection.php(692): CodeIgniter\Database\MySQLi\Connection->execute('INSERT INTO `currency` (`name`) VALUES (NULL)')
 3 SYSTEMPATH\Database\BaseConnection.php(606): CodeIgniter\Database\BaseConnection->simpleQuery('INSERT INTO `currency` (`name`) VALUES (NULL)')
 4 SYSTEMPATH\Database\BaseBuilder.php(2309): CodeIgniter\Database\BaseConnection->query('INSERT INTO `currency` (`name`) VALUES (:name:)', [...], false)
 5 SYSTEMPATH\Model.php(330): CodeIgniter\Database\BaseBuilder->insert()
 6 SYSTEMPATH\BaseModel.php(782): CodeIgniter\Model->doInsert([...])
 7 SYSTEMPATH\Model.php(730): CodeIgniter\BaseModel->insert([...], true)
 8 APPPATH\Controllers\Cost.php(35): CodeIgniter\Model->insert([...])
 9 SYSTEMPATH\CodeIgniter.php(932): App\Controllers\Cost->currencySend()
10 SYSTEMPATH\CodeIgniter.php(497): CodeIgniter\CodeIgniter->runController(Object(App\Controllers\Cost))
11 SYSTEMPATH\CodeIgniter.php(366): CodeIgniter\CodeIgniter->handleRequest(null, Object(Config\Cache), false)
12 FCPATH\index.php(67): CodeIgniter\CodeIgniter->run()
13 SYSTEMPATH\Commands\Server\rewrite.php(47): require_once('C:\\laragon\\www\\Cost_management\\public\\index.php')
